  [1m[35m (171.4ms)[0m  [1m[35mCREATE DATABASE "earmark_development" ENCODING = 'unicode'[0m
  ↳ bin/rails:9
  [1m[35m (56.2ms)[0m  [1m[35mCREATE DATABASE "earmark_test" ENCODING = 'unicode'[0m
  ↳ bin/rails:9
  [1m[35m (7.5ms)[0m  [1m[35mCREATE TABLE "schema_migrations" ("version" character varying NOT NULL PRIMARY KEY)[0m
  ↳ bin/rails:9
  [1m[35m (3.5ms)[0m  [1m[35mCREATE TABLE "ar_internal_metadata" ("key" character varying NOT NULL PRIMARY KEY, "value" character varying, "created_at" timestamp NOT NULL, "updated_at" timestamp NOT NULL)[0m
  ↳ bin/rails:9
  [1m[35m (0.3ms)[0m  [1m[34mSELECT pg_try_advisory_lock(8658725445916432635)[0m
  ↳ bin/rails:9
  [1m[35m (0.5ms)[0m  [1m[34mSELECT "schema_migrations"."version" FROM "schema_migrations" ORDER BY "schema_migrations"."version" ASC[0m
  ↳ bin/rails:9
Migrating to CreateUsers (20200427173328)
  [1m[35m (0.1ms)[0m  [1m[35mBEGIN[0m
  ↳ bin/rails:9
  [1m[35m (5.1ms)[0m  [1m[35mCREATE TABLE "users" ("id" bigserial primary key, "username" character varying NOT NULL, "email" character varying NOT NULL, "password_digest" character varying NOT NULL, "session_token" character varying NOT NULL, "created_at" timestamp NOT NULL, "updated_at" timestamp NOT NULL)[0m
  ↳ db/migrate/20200427173328_create_users.rb:3
  [1m[35m (1.7ms)[0m  [1m[35mCREATE UNIQUE INDEX  "index_users_on_username" ON "users"  ("username")[0m
  ↳ db/migrate/20200427173328_create_users.rb:10
  [1m[35m (0.9ms)[0m  [1m[35mCREATE UNIQUE INDEX  "index_users_on_email" ON "users"  ("email")[0m
  ↳ db/migrate/20200427173328_create_users.rb:11
  [1m[35m (0.8ms)[0m  [1m[35mCREATE UNIQUE INDEX  "index_users_on_session_token" ON "users"  ("session_token")[0m
  ↳ db/migrate/20200427173328_create_users.rb:12
  [1m[36mActiveRecord::SchemaMigration Create (0.4ms)[0m  [1m[32mINSERT INTO "schema_migrations" ("version") VALUES ($1) RETURNING "version"[0m  [["version", "20200427173328"]]
  ↳ bin/rails:9
  [1m[35m (0.4ms)[0m  [1m[35mCOMMIT[0m
  ↳ bin/rails:9
  [1m[36mActiveRecord::InternalMetadata Load (0.5ms)[0m  [1m[34mSELECT  "ar_internal_metadata".* FROM "ar_internal_metadata" WHERE "ar_internal_metadata"."key" = $1 LIMIT $2[0m  [["key", "environment"], ["LIMIT", 1]]
  ↳ bin/rails:9
  [1m[35m (0.3ms)[0m  [1m[35mBEGIN[0m
  ↳ bin/rails:9
  [1m[36mActiveRecord::InternalMetadata Create (0.4ms)[0m  [1m[32mINSERT INTO "ar_internal_metadata" ("key", "value", "created_at", "updated_at") VALUES ($1, $2, $3, $4) RETURNING "key"[0m  [["key", "environment"], ["value", "development"], ["created_at", "2020-04-27 17:36:45.967614"], ["updated_at", "2020-04-27 17:36:45.967614"]]
  ↳ bin/rails:9
  [1m[35m (0.3ms)[0m  [1m[35mCOMMIT[0m
  ↳ bin/rails:9
  [1m[35m (0.2ms)[0m  [1m[34mSELECT pg_advisory_unlock(8658725445916432635)[0m
  ↳ bin/rails:9
  [1m[35m (0.2ms)[0m  [1m[34mSELECT "schema_migrations"."version" FROM "schema_migrations" ORDER BY "schema_migrations"."version" ASC[0m
  ↳ bin/rails:9
Started GET "/" for ::1 at 2020-04-27 12:12:52 -0700
  [1m[35m (1.1ms)[0m  [1m[34mSELECT "schema_migrations"."version" FROM "schema_migrations" ORDER BY "schema_migrations"."version" ASC[0m
  ↳ /Users/darrenyong/.rbenv/versions/2.5.1/lib/ruby/gems/2.5.0/gems/activerecord-5.2.4.2/lib/active_record/log_subscriber.rb:98
Processing by StaticPagesController#root as HTML
  Rendering static_pages/root.html.erb within layouts/application
  Rendered static_pages/root.html.erb within layouts/application (2.0ms)
Completed 200 OK in 1447ms (Views: 1440.3ms | ActiveRecord: 0.0ms)


  [1m[35m (0.7ms)[0m  [1m[34mSELECT "schema_migrations"."version" FROM "schema_migrations" ORDER BY "schema_migrations"."version" ASC[0m
  ↳ bin/rails:9
  [1m[35m (0.8ms)[0m  [1m[34mSELECT "schema_migrations"."version" FROM "schema_migrations" ORDER BY "schema_migrations"."version" ASC[0m
  ↳ bin/rails:9
  [1m[35m (0.1ms)[0m  [1m[35mBEGIN[0m
  ↳ db/seeds.rb:10
  [1m[36mUser Exists (3.0ms)[0m  [1m[34mSELECT  1 AS one FROM "users" WHERE "users"."username" = $1 LIMIT $2[0m  [["username", "Darrick Yong"], ["LIMIT", 1]]
  ↳ db/seeds.rb:10
  [1m[36mUser Exists (0.3ms)[0m  [1m[34mSELECT  1 AS one FROM "users" WHERE "users"."session_token" = $1 LIMIT $2[0m  [["session_token", "E0zqRV4U3tTe_Ia1UGscLA"], ["LIMIT", 1]]
  ↳ db/seeds.rb:10
  [1m[35m (0.2ms)[0m  [1m[31mROLLBACK[0m
  ↳ db/seeds.rb:10
  [1m[35m (0.1ms)[0m  [1m[35mBEGIN[0m
  ↳ db/seeds.rb:11
  [1m[36mUser Exists (0.3ms)[0m  [1m[34mSELECT  1 AS one FROM "users" WHERE "users"."username" = $1 LIMIT $2[0m  [["username", "John Doe"], ["LIMIT", 1]]
  ↳ db/seeds.rb:11
  [1m[36mUser Exists (0.2ms)[0m  [1m[34mSELECT  1 AS one FROM "users" WHERE "users"."session_token" = $1 LIMIT $2[0m  [["session_token", "MId5Cfi-D_E50THub7_d7g"], ["LIMIT", 1]]
  ↳ db/seeds.rb:11
  [1m[35m (0.1ms)[0m  [1m[31mROLLBACK[0m
  ↳ db/seeds.rb:11
  [1m[35m (0.1ms)[0m  [1m[35mBEGIN[0m
  ↳ db/seeds.rb:12
  [1m[36mUser Exists (0.2ms)[0m  [1m[34mSELECT  1 AS one FROM "users" WHERE "users"."username" = $1 LIMIT $2[0m  [["username", "Jane Doe"], ["LIMIT", 1]]
  ↳ db/seeds.rb:12
  [1m[36mUser Exists (0.2ms)[0m  [1m[34mSELECT  1 AS one FROM "users" WHERE "users"."session_token" = $1 LIMIT $2[0m  [["session_token", "HcneD4bw9GASVI12Ye_TIg"], ["LIMIT", 1]]
  ↳ db/seeds.rb:12
  [1m[35m (0.1ms)[0m  [1m[31mROLLBACK[0m
  ↳ db/seeds.rb:12
  [1m[36mUser Load (0.7ms)[0m  [1m[34mSELECT "users".* FROM "users"[0m
  [1m[35m (0.9ms)[0m  [1m[34mSELECT "schema_migrations"."version" FROM "schema_migrations" ORDER BY "schema_migrations"."version" ASC[0m
  ↳ bin/rails:9
  [1m[35m (0.1ms)[0m  [1m[35mBEGIN[0m
  ↳ db/seeds.rb:10
  [1m[36mUser Exists (0.7ms)[0m  [1m[34mSELECT  1 AS one FROM "users" WHERE "users"."username" = $1 LIMIT $2[0m  [["username", "Darrick Yong"], ["LIMIT", 1]]
  ↳ db/seeds.rb:10
  [1m[36mUser Exists (0.3ms)[0m  [1m[34mSELECT  1 AS one FROM "users" WHERE "users"."session_token" = $1 LIMIT $2[0m  [["session_token", "cCsQRHOk91nxReYUC2ywTw"], ["LIMIT", 1]]
  ↳ db/seeds.rb:10
  [1m[36mUser Create (0.8ms)[0m  [1m[32mINSERT INTO "users" ("username", "email", "password_digest", "session_token", "created_at", "updated_at") VALUES ($1, $2, $3, $4, $5, $6) RETURNING "id"[0m  [["username", "Darrick Yong"], ["email", "darrickyong@earmark.com"], ["password_digest", "$2a$12$sSvTu9iTanfYFvjIwPq3z.kP9PzuYk/zirqZvW4sK7ps8v2vx5vry"], ["session_token", "cCsQRHOk91nxReYUC2ywTw"], ["created_at", "2020-04-27 19:22:08.682084"], ["updated_at", "2020-04-27 19:22:08.682084"]]
  ↳ db/seeds.rb:10
  [1m[35m (1.8ms)[0m  [1m[35mCOMMIT[0m
  ↳ db/seeds.rb:10
  [1m[35m (0.4ms)[0m  [1m[35mBEGIN[0m
  ↳ db/seeds.rb:11
  [1m[36mUser Exists (0.3ms)[0m  [1m[34mSELECT  1 AS one FROM "users" WHERE "users"."username" = $1 LIMIT $2[0m  [["username", "John Doe"], ["LIMIT", 1]]
  ↳ db/seeds.rb:11
  [1m[36mUser Exists (0.2ms)[0m  [1m[34mSELECT  1 AS one FROM "users" WHERE "users"."session_token" = $1 LIMIT $2[0m  [["session_token", "YbIaVttnrPKxQ4n2XTMg2g"], ["LIMIT", 1]]
  ↳ db/seeds.rb:11
  [1m[36mUser Create (0.2ms)[0m  [1m[32mINSERT INTO "users" ("username", "email", "password_digest", "session_token", "created_at", "updated_at") VALUES ($1, $2, $3, $4, $5, $6) RETURNING "id"[0m  [["username", "John Doe"], ["email", "johndoe@earmark.com"], ["password_digest", "$2a$12$EJsYyIZLWfOA5eA89dKnLuwFIQwwgZTv803VQ7/SRlNPZF5dK9Afa"], ["session_token", "YbIaVttnrPKxQ4n2XTMg2g"], ["created_at", "2020-04-27 19:22:08.898164"], ["updated_at", "2020-04-27 19:22:08.898164"]]
  ↳ db/seeds.rb:11
  [1m[35m (1.1ms)[0m  [1m[35mCOMMIT[0m
  ↳ db/seeds.rb:11
  [1m[35m (0.1ms)[0m  [1m[35mBEGIN[0m
  ↳ db/seeds.rb:12
  [1m[36mUser Exists (0.3ms)[0m  [1m[34mSELECT  1 AS one FROM "users" WHERE "users"."username" = $1 LIMIT $2[0m  [["username", "Jane Doe"], ["LIMIT", 1]]
  ↳ db/seeds.rb:12
  [1m[36mUser Exists (0.3ms)[0m  [1m[34mSELECT  1 AS one FROM "users" WHERE "users"."session_token" = $1 LIMIT $2[0m  [["session_token", "0W9qu7JGMSbcEOmdNvSjHg"], ["LIMIT", 1]]
  ↳ db/seeds.rb:12
  [1m[36mUser Create (0.2ms)[0m  [1m[32mINSERT INTO "users" ("username", "email", "password_digest", "session_token", "created_at", "updated_at") VALUES ($1, $2, $3, $4, $5, $6) RETURNING "id"[0m  [["username", "Jane Doe"], ["email", "janedoe@earmark.com"], ["password_digest", "$2a$12$cEux19ISlxQrvJGnl9epq.KJ2gBX9nZiTzqcaF3O/B58d7Ynie.JS"], ["session_token", "0W9qu7JGMSbcEOmdNvSjHg"], ["created_at", "2020-04-27 19:22:09.111892"], ["updated_at", "2020-04-27 19:22:09.111892"]]
  ↳ db/seeds.rb:12
  [1m[35m (0.8ms)[0m  [1m[35mCOMMIT[0m
  ↳ db/seeds.rb:12
  [1m[36mUser Load (0.9ms)[0m  [1m[34mSELECT "users".* FROM "users"[0m
Started GET "/api/users" for ::1 at 2020-04-27 12:22:41 -0700
  
ActionController::RoutingError (No route matches [GET] "/api/users"):
  
actionpack (5.2.4.2) lib/action_dispatch/middleware/debug_exceptions.rb:65:in `call'
web-console (3.7.0) lib/web_console/middleware.rb:135:in `call_app'
web-console (3.7.0) lib/web_console/middleware.rb:30:in `block in call'
web-console (3.7.0) lib/web_console/middleware.rb:20:in `catch'
web-console (3.7.0) lib/web_console/middleware.rb:20:in `call'
actionpack (5.2.4.2) lib/action_dispatch/middleware/show_exceptions.rb:33:in `call'
railties (5.2.4.2) lib/rails/rack/logger.rb:38:in `call_app'
railties (5.2.4.2) lib/rails/rack/logger.rb:26:in `block in call'
activesupport (5.2.4.2) lib/active_support/tagged_logging.rb:71:in `block in tagged'
activesupport (5.2.4.2) lib/active_support/tagged_logging.rb:28:in `tagged'
activesupport (5.2.4.2) lib/active_support/tagged_logging.rb:71:in `tagged'
railties (5.2.4.2) lib/rails/rack/logger.rb:26:in `call'
sprockets-rails (3.2.1) lib/sprockets/rails/quiet_assets.rb:13:in `call'
actionpack (5.2.4.2) lib/action_dispatch/middleware/remote_ip.rb:81:in `call'
actionpack (5.2.4.2) lib/action_dispatch/middleware/request_id.rb:27:in `call'
rack (2.2.2) lib/rack/method_override.rb:24:in `call'
rack (2.2.2) lib/rack/runtime.rb:22:in `call'
activesupport (5.2.4.2) lib/active_support/cache/strategy/local_cache_middleware.rb:29:in `call'
actionpack (5.2.4.2) lib/action_dispatch/middleware/executor.rb:14:in `call'
actionpack (5.2.4.2) lib/action_dispatch/middleware/static.rb:127:in `call'
rack (2.2.2) lib/rack/sendfile.rb:110:in `call'
railties (5.2.4.2) lib/rails/engine.rb:524:in `call'
puma (3.12.4) lib/puma/configuration.rb:227:in `call'
puma (3.12.4) lib/puma/server.rb:675:in `handle_request'
puma (3.12.4) lib/puma/server.rb:476:in `process_client'
puma (3.12.4) lib/puma/server.rb:334:in `block in run'
puma (3.12.4) lib/puma/thread_pool.rb:135:in `block in spawn_thread'
Started GET "/api/users" for ::1 at 2020-04-27 12:23:04 -0700
Processing by Api::UsersController#index as JSON
  Rendering api/users/index.json.jbuilder
  [1m[36mUser Load (0.9ms)[0m  [1m[34mSELECT "users".* FROM "users"[0m
  ↳ app/views/api/users/index.json.jbuilder:1
  Rendered api/users/_user.json.jbuilder (0.2ms)
  Rendered api/users/_user.json.jbuilder (0.1ms)
  Rendered api/users/_user.json.jbuilder (0.0ms)
  Rendered api/users/index.json.jbuilder (18.6ms)
Completed 200 OK in 31ms (Views: 17.3ms | ActiveRecord: 8.9ms)


  [1m[35m (0.7ms)[0m  [1m[34mSELECT "schema_migrations"."version" FROM "schema_migrations" ORDER BY "schema_migrations"."version" ASC[0m
  ↳ bin/rails:9
  [1m[35m (0.4ms)[0m  [1m[34mSELECT "ar_internal_metadata"."value" FROM "ar_internal_metadata" WHERE "ar_internal_metadata"."key" = $1[0m  [["key", "environment"]]
  ↳ bin/rails:9
  [1m[35m (0.2ms)[0m  [1m[34mSELECT "schema_migrations"."version" FROM "schema_migrations" ORDER BY "schema_migrations"."version" ASC[0m
  ↳ bin/rails:9
  [1m[35m (0.1ms)[0m  [1m[34mSELECT "ar_internal_metadata"."value" FROM "ar_internal_metadata" WHERE "ar_internal_metadata"."key" = $1[0m  [["key", "environment"]]
  ↳ bin/rails:9
  [1m[35m (0.2ms)[0m  [1m[34mSELECT "schema_migrations"."version" FROM "schema_migrations" ORDER BY "schema_migrations"."version" ASC[0m
  ↳ bin/rails:9
  [1m[35m (0.1ms)[0m  [1m[34mSELECT "ar_internal_metadata"."value" FROM "ar_internal_metadata" WHERE "ar_internal_metadata"."key" = $1[0m  [["key", "environment"]]
  ↳ bin/rails:9
  [1m[35m (2564.0ms)[0m  [1m[35mDROP DATABASE IF EXISTS "earmark_development"[0m
  ↳ bin/rails:9
  [1m[35m (42.3ms)[0m  [1m[35mDROP DATABASE IF EXISTS "earmark_test"[0m
  ↳ bin/rails:9
  [1m[35m (100.9ms)[0m  [1m[35mCREATE DATABASE "earmark_development" ENCODING = 'unicode'[0m
  ↳ bin/rails:9
  [1m[35m (99.0ms)[0m  [1m[35mCREATE DATABASE "earmark_test" ENCODING = 'unicode'[0m
  ↳ bin/rails:9
  [1m[35mSQL (0.4ms)[0m  [1m[35mCREATE EXTENSION IF NOT EXISTS "plpgsql"[0m
  ↳ db/schema.rb:16
  [1m[35m (0.2ms)[0m  [1m[35mDROP TABLE IF EXISTS "users" CASCADE[0m
  ↳ db/schema.rb:18
  [1m[35m (9.0ms)[0m  [1m[35mCREATE TABLE "users" ("id" bigserial primary key, "username" character varying NOT NULL, "email" character varying NOT NULL, "password_digest" character varying NOT NULL, "session_token" character varying NOT NULL, "created_at" timestamp NOT NULL, "updated_at" timestamp NOT NULL)[0m
  ↳ db/schema.rb:18
  [1m[35m (2.0ms)[0m  [1m[35mCREATE UNIQUE INDEX  "index_users_on_email" ON "users"  ("email")[0m
  ↳ db/schema.rb:18
  [1m[35m (1.1ms)[0m  [1m[35mCREATE UNIQUE INDEX  "index_users_on_session_token" ON "users"  ("session_token")[0m
  ↳ db/schema.rb:18
  [1m[35m (1.2ms)[0m  [1m[35mCREATE UNIQUE INDEX  "index_users_on_username" ON "users"  ("username")[0m
  ↳ db/schema.rb:18
  [1m[35m (3.2ms)[0m  [1m[35mCREATE TABLE "schema_migrations" ("version" character varying NOT NULL PRIMARY KEY)[0m
  ↳ db/schema.rb:13
  [1m[35m (0.6ms)[0m  [1m[34mSELECT "schema_migrations"."version" FROM "schema_migrations" ORDER BY "schema_migrations"."version" ASC[0m
  ↳ db/schema.rb:13
  [1m[35m (0.5ms)[0m  [1m[32mINSERT INTO "schema_migrations" (version) VALUES (20200427173328)[0m
  ↳ db/schema.rb:13
  [1m[35m (3.1ms)[0m  [1m[35mCREATE TABLE "ar_internal_metadata" ("key" character varying NOT NULL PRIMARY KEY, "value" character varying, "created_at" timestamp NOT NULL, "updated_at" timestamp NOT NULL)[0m
  ↳ db/schema.rb:13
  [1m[36mActiveRecord::InternalMetadata Load (0.3ms)[0m  [1m[34mSELECT  "ar_internal_metadata".* FROM "ar_internal_metadata" WHERE "ar_internal_metadata"."key" = $1 LIMIT $2[0m  [["key", "environment"], ["LIMIT", 1]]
  ↳ db/schema.rb:13
  [1m[35m (0.1ms)[0m  [1m[35mBEGIN[0m
  ↳ db/schema.rb:13
  [1m[36mActiveRecord::InternalMetadata Create (0.5ms)[0m  [1m[32mINSERT INTO "ar_internal_metadata" ("key", "value", "created_at", "updated_at") VALUES ($1, $2, $3, $4) RETURNING "key"[0m  [["key", "environment"], ["value", "development"], ["created_at", "2020-04-27 19:31:09.702516"], ["updated_at", "2020-04-27 19:31:09.702516"]]
  ↳ db/schema.rb:13
  [1m[35m (0.3ms)[0m  [1m[35mCOMMIT[0m
  ↳ db/schema.rb:13
  [1m[36mActiveRecord::InternalMetadata Load (0.2ms)[0m  [1m[34mSELECT  "ar_internal_metadata".* FROM "ar_internal_metadata" WHERE "ar_internal_metadata"."key" = $1 LIMIT $2[0m  [["key", "environment"], ["LIMIT", 1]]
  ↳ bin/rails:9
  [1m[35m (0.1ms)[0m  [1m[35mBEGIN[0m
  ↳ bin/rails:9
  [1m[35m (0.1ms)[0m  [1m[35mCOMMIT[0m
  ↳ bin/rails:9
  [1m[35mSQL (0.4ms)[0m  [1m[35mCREATE EXTENSION IF NOT EXISTS "plpgsql"[0m
  ↳ db/schema.rb:16
  [1m[35m (0.2ms)[0m  [1m[35mDROP TABLE IF EXISTS "users" CASCADE[0m
  ↳ db/schema.rb:18
  [1m[35m (9.1ms)[0m  [1m[35mCREATE TABLE "users" ("id" bigserial primary key, "username" character varying NOT NULL, "email" character varying NOT NULL, "password_digest" character varying NOT NULL, "session_token" character varying NOT NULL, "created_at" timestamp NOT NULL, "updated_at" timestamp NOT NULL)[0m
  ↳ db/schema.rb:18
  [1m[35m (1.7ms)[0m  [1m[35mCREATE UNIQUE INDEX  "index_users_on_email" ON "users"  ("email")[0m
  ↳ db/schema.rb:18
  [1m[35m (1.1ms)[0m  [1m[35mCREATE UNIQUE INDEX  "index_users_on_session_token" ON "users"  ("session_token")[0m
  ↳ db/schema.rb:18
  [1m[35m (1.0ms)[0m  [1m[35mCREATE UNIQUE INDEX  "index_users_on_username" ON "users"  ("username")[0m
  ↳ db/schema.rb:18
  [1m[35m (3.3ms)[0m  [1m[35mCREATE TABLE "schema_migrations" ("version" character varying NOT NULL PRIMARY KEY)[0m
  ↳ db/schema.rb:13
  [1m[35m (0.8ms)[0m  [1m[34mSELECT "schema_migrations"."version" FROM "schema_migrations" ORDER BY "schema_migrations"."version" ASC[0m
  ↳ db/schema.rb:13
  [1m[35m (0.9ms)[0m  [1m[32mINSERT INTO "schema_migrations" (version) VALUES (20200427173328)[0m
  ↳ db/schema.rb:13
  [1m[35m (3.8ms)[0m  [1m[35mCREATE TABLE "ar_internal_metadata" ("key" character varying NOT NULL PRIMARY KEY, "value" character varying, "created_at" timestamp NOT NULL, "updated_at" timestamp NOT NULL)[0m
  ↳ db/schema.rb:13
  [1m[36mActiveRecord::InternalMetadata Load (0.3ms)[0m  [1m[34mSELECT  "ar_internal_metadata".* FROM "ar_internal_metadata" WHERE "ar_internal_metadata"."key" = $1 LIMIT $2[0m  [["key", "environment"], ["LIMIT", 1]]
  ↳ db/schema.rb:13
  [1m[35m (0.1ms)[0m  [1m[35mBEGIN[0m
  ↳ db/schema.rb:13
  [1m[36mActiveRecord::InternalMetadata Create (0.5ms)[0m  [1m[32mINSERT INTO "ar_internal_metadata" ("key", "value", "created_at", "updated_at") VALUES ($1, $2, $3, $4) RETURNING "key"[0m  [["key", "environment"], ["value", "development"], ["created_at", "2020-04-27 19:31:09.766431"], ["updated_at", "2020-04-27 19:31:09.766431"]]
  ↳ db/schema.rb:13
  [1m[35m (0.4ms)[0m  [1m[35mCOMMIT[0m
  ↳ db/schema.rb:13
  [1m[36mActiveRecord::InternalMetadata Load (0.4ms)[0m  [1m[34mSELECT  "ar_internal_metadata".* FROM "ar_internal_metadata" WHERE "ar_internal_metadata"."key" = $1 LIMIT $2[0m  [["key", "environment"], ["LIMIT", 1]]
  ↳ bin/rails:9
  [1m[35m (0.1ms)[0m  [1m[35mBEGIN[0m
  ↳ bin/rails:9
  [1m[36mActiveRecord::InternalMetadata Update (0.4ms)[0m  [1m[33mUPDATE "ar_internal_metadata" SET "value" = $1, "updated_at" = $2 WHERE "ar_internal_metadata"."key" = $3[0m  [["value", "test"], ["updated_at", "2020-04-27 19:31:09.770864"], ["key", "environment"]]
  ↳ bin/rails:9
  [1m[35m (0.5ms)[0m  [1m[35mCOMMIT[0m
  ↳ bin/rails:9
  [1m[35m (1.2ms)[0m  [1m[34mSELECT "schema_migrations"."version" FROM "schema_migrations" ORDER BY "schema_migrations"."version" ASC[0m
  ↳ bin/rails:9
  [1m[35m (0.9ms)[0m  [1m[34mSELECT "schema_migrations"."version" FROM "schema_migrations" ORDER BY "schema_migrations"."version" ASC[0m
  ↳ bin/rails:9
  [1m[35m (0.3ms)[0m  [1m[34mSELECT "ar_internal_metadata"."value" FROM "ar_internal_metadata" WHERE "ar_internal_metadata"."key" = $1[0m  [["key", "environment"]]
  ↳ bin/rails:9
  [1m[35m (0.2ms)[0m  [1m[34mSELECT "schema_migrations"."version" FROM "schema_migrations" ORDER BY "schema_migrations"."version" ASC[0m
  ↳ bin/rails:9
  [1m[35m (0.1ms)[0m  [1m[34mSELECT "ar_internal_metadata"."value" FROM "ar_internal_metadata" WHERE "ar_internal_metadata"."key" = $1[0m  [["key", "environment"]]
  ↳ bin/rails:9
  [1m[35m (0.2ms)[0m  [1m[34mSELECT "schema_migrations"."version" FROM "schema_migrations" ORDER BY "schema_migrations"."version" ASC[0m
  ↳ bin/rails:9
  [1m[35m (0.1ms)[0m  [1m[34mSELECT "ar_internal_metadata"."value" FROM "ar_internal_metadata" WHERE "ar_internal_metadata"."key" = $1[0m  [["key", "environment"]]
  ↳ bin/rails:9
  [1m[35m (39.7ms)[0m  [1m[35mDROP DATABASE IF EXISTS "earmark_development"[0m
  ↳ bin/rails:9
  [1m[35m (30.4ms)[0m  [1m[35mDROP DATABASE IF EXISTS "earmark_test"[0m
  ↳ bin/rails:9
  [1m[35m (93.9ms)[0m  [1m[35mCREATE DATABASE "earmark_development" ENCODING = 'unicode'[0m
  ↳ bin/rails:9
  [1m[35m (92.6ms)[0m  [1m[35mCREATE DATABASE "earmark_test" ENCODING = 'unicode'[0m
  ↳ bin/rails:9
  [1m[35m (6.2ms)[0m  [1m[35mCREATE TABLE "schema_migrations" ("version" character varying NOT NULL PRIMARY KEY)[0m
  ↳ bin/rails:9
  [1m[35m (3.5ms)[0m  [1m[35mCREATE TABLE "ar_internal_metadata" ("key" character varying NOT NULL PRIMARY KEY, "value" character varying, "created_at" timestamp NOT NULL, "updated_at" timestamp NOT NULL)[0m
  ↳ bin/rails:9
  [1m[35m (0.2ms)[0m  [1m[34mSELECT pg_try_advisory_lock(8658725445916432635)[0m
  ↳ bin/rails:9
  [1m[35m (0.6ms)[0m  [1m[34mSELECT "schema_migrations"."version" FROM "schema_migrations" ORDER BY "schema_migrations"."version" ASC[0m
  ↳ bin/rails:9
Migrating to CreateUsers (20200427173328)
  [1m[35m (0.1ms)[0m  [1m[35mBEGIN[0m
  ↳ bin/rails:9
  [1m[35m (4.6ms)[0m  [1m[35mCREATE TABLE "users" ("id" bigserial primary key, "name" character varying NOT NULL, "email" character varying NOT NULL, "password_digest" character varying NOT NULL, "session_token" character varying NOT NULL, "created_at" timestamp NOT NULL, "updated_at" timestamp NOT NULL)[0m
  ↳ db/migrate/20200427173328_create_users.rb:3
  [1m[35m (3.0ms)[0m  [1m[35mCREATE UNIQUE INDEX  "index_users_on_email" ON "users"  ("email")[0m
  ↳ db/migrate/20200427173328_create_users.rb:10
  [1m[35m (0.9ms)[0m  [1m[35mCREATE UNIQUE INDEX  "index_users_on_session_token" ON "users"  ("session_token")[0m
  ↳ db/migrate/20200427173328_create_users.rb:11
  [1m[36mActiveRecord::SchemaMigration Create (0.4ms)[0m  [1m[32mINSERT INTO "schema_migrations" ("version") VALUES ($1) RETURNING "version"[0m  [["version", "20200427173328"]]
  ↳ bin/rails:9
  [1m[35m (0.4ms)[0m  [1m[35mCOMMIT[0m
  ↳ bin/rails:9
  [1m[36mActiveRecord::InternalMetadata Load (0.3ms)[0m  [1m[34mSELECT  "ar_internal_metadata".* FROM "ar_internal_metadata" WHERE "ar_internal_metadata"."key" = $1 LIMIT $2[0m  [["key", "environment"], ["LIMIT", 1]]
  ↳ bin/rails:9
  [1m[35m (0.2ms)[0m  [1m[35mBEGIN[0m
  ↳ bin/rails:9
  [1m[36mActiveRecord::InternalMetadata Create (0.8ms)[0m  [1m[32mINSERT INTO "ar_internal_metadata" ("key", "value", "created_at", "updated_at") VALUES ($1, $2, $3, $4) RETURNING "key"[0m  [["key", "environment"], ["value", "development"], ["created_at", "2020-04-27 19:33:09.880238"], ["updated_at", "2020-04-27 19:33:09.880238"]]
  ↳ bin/rails:9
  [1m[35m (0.4ms)[0m  [1m[35mCOMMIT[0m
  ↳ bin/rails:9
  [1m[35m (0.3ms)[0m  [1m[34mSELECT pg_advisory_unlock(8658725445916432635)[0m
  ↳ bin/rails:9
  [1m[35m (0.2ms)[0m  [1m[34mSELECT "schema_migrations"."version" FROM "schema_migrations" ORDER BY "schema_migrations"."version" ASC[0m
  ↳ bin/rails:9
  [1m[35m (0.9ms)[0m  [1m[34mSELECT "schema_migrations"."version" FROM "schema_migrations" ORDER BY "schema_migrations"."version" ASC[0m
  ↳ bin/rails:9
  [1m[35m (0.2ms)[0m  [1m[35mBEGIN[0m
  ↳ db/seeds.rb:10
  [1m[36mUser Exists (0.9ms)[0m  [1m[34mSELECT  1 AS one FROM "users" WHERE "users"."email" = $1 LIMIT $2[0m  [["email", "darrickyong@earmark.com"], ["LIMIT", 1]]
  ↳ db/seeds.rb:10
  [1m[36mUser Exists (0.2ms)[0m  [1m[34mSELECT  1 AS one FROM "users" WHERE "users"."session_token" = $1 LIMIT $2[0m  [["session_token", "jfcO9Fwzl_FvfCkbhD5aIw"], ["LIMIT", 1]]
  ↳ db/seeds.rb:10
  [1m[36mUser Create (0.9ms)[0m  [1m[32mINSERT INTO "users" ("name", "email", "password_digest", "session_token", "created_at", "updated_at") VALUES ($1, $2, $3, $4, $5, $6) RETURNING "id"[0m  [["name", "Darrick Yong"], ["email", "darrickyong@earmark.com"], ["password_digest", "$2a$12$el.dnI5vowYb7hfe2XHUpOJc8s6ejOmoWXunznjffY8JQMQBNPWNi"], ["session_token", "jfcO9Fwzl_FvfCkbhD5aIw"], ["created_at", "2020-04-27 19:33:21.173329"], ["updated_at", "2020-04-27 19:33:21.173329"]]
  ↳ db/seeds.rb:10
  [1m[35m (1.0ms)[0m  [1m[35mCOMMIT[0m
  ↳ db/seeds.rb:10
  [1m[35m (0.1ms)[0m  [1m[35mBEGIN[0m
  ↳ db/seeds.rb:11
  [1m[36mUser Exists (0.3ms)[0m  [1m[34mSELECT  1 AS one FROM "users" WHERE "users"."email" = $1 LIMIT $2[0m  [["email", "johndoe@earmark.com"], ["LIMIT", 1]]
  ↳ db/seeds.rb:11
  [1m[36mUser Exists (0.2ms)[0m  [1m[34mSELECT  1 AS one FROM "users" WHERE "users"."session_token" = $1 LIMIT $2[0m  [["session_token", "wCLeR5livYV6hOhr2WXTzw"], ["LIMIT", 1]]
  ↳ db/seeds.rb:11
  [1m[36mUser Create (0.2ms)[0m  [1m[32mINSERT INTO "users" ("name", "email", "password_digest", "session_token", "created_at", "updated_at") VALUES ($1, $2, $3, $4, $5, $6) RETURNING "id"[0m  [["name", "John Doe"], ["email", "johndoe@earmark.com"], ["password_digest", "$2a$12$43SVsWKylw/MpNfZDcPhOeQxrMXQ6R6XcXmqKYJDLyGEY4trKcZku"], ["session_token", "wCLeR5livYV6hOhr2WXTzw"], ["created_at", "2020-04-27 19:33:21.390713"], ["updated_at", "2020-04-27 19:33:21.390713"]]
  ↳ db/seeds.rb:11
  [1m[35m (0.4ms)[0m  [1m[35mCOMMIT[0m
  ↳ db/seeds.rb:11
  [1m[35m (0.2ms)[0m  [1m[35mBEGIN[0m
  ↳ db/seeds.rb:12
  [1m[36mUser Exists (0.3ms)[0m  [1m[34mSELECT  1 AS one FROM "users" WHERE "users"."email" = $1 LIMIT $2[0m  [["email", "janedoe@earmark.com"], ["LIMIT", 1]]
  ↳ db/seeds.rb:12
  [1m[36mUser Exists (0.2ms)[0m  [1m[34mSELECT  1 AS one FROM "users" WHERE "users"."session_token" = $1 LIMIT $2[0m  [["session_token", "Tua8MM3AYdG_uHIuKSZQ8g"], ["LIMIT", 1]]
  ↳ db/seeds.rb:12
  [1m[36mUser Create (0.2ms)[0m  [1m[32mINSERT INTO "users" ("name", "email", "password_digest", "session_token", "created_at", "updated_at") VALUES ($1, $2, $3, $4, $5, $6) RETURNING "id"[0m  [["name", "Jane Doe"], ["email", "janedoe@earmark.com"], ["password_digest", "$2a$12$a9La3XJM7Tr4DV4mVB3Ul.PbdLwuAm9aVFTbIjGNZw6ONgGFsXGwi"], ["session_token", "Tua8MM3AYdG_uHIuKSZQ8g"], ["created_at", "2020-04-27 19:33:21.603714"], ["updated_at", "2020-04-27 19:33:21.603714"]]
  ↳ db/seeds.rb:12
  [1m[35m (0.9ms)[0m  [1m[35mCOMMIT[0m
  ↳ db/seeds.rb:12
  [1m[35m (0.1ms)[0m  [1m[35mBEGIN[0m
  ↳ db/seeds.rb:13
  [1m[36mUser Exists (0.3ms)[0m  [1m[34mSELECT  1 AS one FROM "users" WHERE "users"."email" = $1 LIMIT $2[0m  [["email", "harrypotter@earmark.com"], ["LIMIT", 1]]
  ↳ db/seeds.rb:13
  [1m[36mUser Exists (0.2ms)[0m  [1m[34mSELECT  1 AS one FROM "users" WHERE "users"."session_token" = $1 LIMIT $2[0m  [["session_token", "hlTuH4hz0_qLrFpbJKr2Uw"], ["LIMIT", 1]]
  ↳ db/seeds.rb:13
  [1m[36mUser Create (0.3ms)[0m  [1m[32mINSERT INTO "users" ("name", "email", "password_digest", "session_token", "created_at", "updated_at") VALUES ($1, $2, $3, $4, $5, $6) RETURNING "id"[0m  [["name", "Harry Potter"], ["email", "harrypotter@earmark.com"], ["password_digest", "$2a$12$AEceL5NVvyCPrAZEdcpn9Oz53n8CwTktimXQAhL7TuHDeuSx2Ukgy"], ["session_token", "hlTuH4hz0_qLrFpbJKr2Uw"], ["created_at", "2020-04-27 19:33:21.816559"], ["updated_at", "2020-04-27 19:33:21.816559"]]
  ↳ db/seeds.rb:13
  [1m[35m (0.7ms)[0m  [1m[35mCOMMIT[0m
  ↳ db/seeds.rb:13
  [1m[35m (0.1ms)[0m  [1m[35mBEGIN[0m
  ↳ db/seeds.rb:14
  [1m[36mUser Exists (0.4ms)[0m  [1m[34mSELECT  1 AS one FROM "users" WHERE "users"."email" = $1 LIMIT $2[0m  [["email", "jsonwong@earmark.com"], ["LIMIT", 1]]
  ↳ db/seeds.rb:14
  [1m[36mUser Exists (0.2ms)[0m  [1m[34mSELECT  1 AS one FROM "users" WHERE "users"."session_token" = $1 LIMIT $2[0m  [["session_token", "VyE0r4g_j382-mTyfq7XXw"], ["LIMIT", 1]]
  ↳ db/seeds.rb:14
  [1m[36mUser Create (0.5ms)[0m  [1m[32mINSERT INTO "users" ("name", "email", "password_digest", "session_token", "created_at", "updated_at") VALUES ($1, $2, $3, $4, $5, $6) RETURNING "id"[0m  [["name", "JSON Wong"], ["email", "jsonwong@earmark.com"], ["password_digest", "$2a$12$8TVvrosTZat1usQWetWqmuu4vMdii7zrmyLeHwLRPAZ1CAHGS40eK"], ["session_token", "VyE0r4g_j382-mTyfq7XXw"], ["created_at", "2020-04-27 19:33:22.032606"], ["updated_at", "2020-04-27 19:33:22.032606"]]
  ↳ db/seeds.rb:14
  [1m[35m (0.6ms)[0m  [1m[35mCOMMIT[0m
  ↳ db/seeds.rb:14
  [1m[35m (0.1ms)[0m  [1m[35mBEGIN[0m
  ↳ db/seeds.rb:15
  [1m[36mUser Exists (0.3ms)[0m  [1m[34mSELECT  1 AS one FROM "users" WHERE "users"."email" = $1 LIMIT $2[0m  [["email", "poofeyyong@earmark.com"], ["LIMIT", 1]]
  ↳ db/seeds.rb:15
  [1m[36mUser Exists (0.2ms)[0m  [1m[34mSELECT  1 AS one FROM "users" WHERE "users"."session_token" = $1 LIMIT $2[0m  [["session_token", "f25hxMpGhoUE0zAynTpRWA"], ["LIMIT", 1]]
  ↳ db/seeds.rb:15
  [1m[36mUser Create (0.2ms)[0m  [1m[32mINSERT INTO "users" ("name", "email", "password_digest", "session_token", "created_at", "updated_at") VALUES ($1, $2, $3, $4, $5, $6) RETURNING "id"[0m  [["name", "Poofey Yong"], ["email", "poofeyyong@earmark.com"], ["password_digest", "$2a$12$fRC3V6dPOudXewuKK12Z9uwnEbVdrXIq5JRsD.4IETBceorKfPOR."], ["session_token", "f25hxMpGhoUE0zAynTpRWA"], ["created_at", "2020-04-27 19:33:22.252116"], ["updated_at", "2020-04-27 19:33:22.252116"]]
  ↳ db/seeds.rb:15
  [1m[35m (0.8ms)[0m  [1m[35mCOMMIT[0m
  ↳ db/seeds.rb:15
  [1m[36mUser Load (0.7ms)[0m  [1m[34mSELECT "users".* FROM "users"[0m
Started GET "/api/users" for ::1 at 2020-04-27 12:33:35 -0700
  [1m[35m (0.8ms)[0m  [1m[34mSELECT "schema_migrations"."version" FROM "schema_migrations" ORDER BY "schema_migrations"."version" ASC[0m
  ↳ /Users/darrenyong/.rbenv/versions/2.5.1/lib/ruby/gems/2.5.0/gems/activerecord-5.2.4.2/lib/active_record/log_subscriber.rb:98
Processing by Api::UsersController#index as JSON
  Rendering api/users/index.json.jbuilder
  [1m[36mUser Load (0.7ms)[0m  [1m[34mSELECT "users".* FROM "users"[0m
  ↳ app/views/api/users/index.json.jbuilder:1
  Rendered api/users/_user.json.jbuilder (0.3ms)
  Rendered api/users/_user.json.jbuilder (0.0ms)
  Rendered api/users/_user.json.jbuilder (0.0ms)
  Rendered api/users/_user.json.jbuilder (0.0ms)
  Rendered api/users/_user.json.jbuilder (0.0ms)
  Rendered api/users/_user.json.jbuilder (0.0ms)
  Rendered api/users/index.json.jbuilder (21.6ms)
Completed 200 OK in 32ms (Views: 18.4ms | ActiveRecord: 9.4ms)


Started GET "/" for ::1 at 2020-04-27 12:37:56 -0700
Processing by StaticPagesController#root as HTML
  Rendering static_pages/root.html.erb within layouts/application
  Rendered static_pages/root.html.erb within layouts/application (0.7ms)
Completed 200 OK in 37ms (Views: 34.2ms | ActiveRecord: 0.0ms)


Started GET "/" for ::1 at 2020-04-27 12:44:53 -0700
Processing by StaticPagesController#root as HTML
  Rendering static_pages/root.html.erb within layouts/application
  Rendered static_pages/root.html.erb within layouts/application (0.3ms)
Completed 200 OK in 27ms (Views: 24.7ms | ActiveRecord: 0.0ms)


Started GET "/api/users/show" for ::1 at 2020-04-27 12:45:11 -0700
  
ActionController::RoutingError (No route matches [GET] "/api/users/show"):
  
actionpack (5.2.4.2) lib/action_dispatch/middleware/debug_exceptions.rb:65:in `call'
web-console (3.7.0) lib/web_console/middleware.rb:135:in `call_app'
web-console (3.7.0) lib/web_console/middleware.rb:30:in `block in call'
web-console (3.7.0) lib/web_console/middleware.rb:20:in `catch'
web-console (3.7.0) lib/web_console/middleware.rb:20:in `call'
actionpack (5.2.4.2) lib/action_dispatch/middleware/show_exceptions.rb:33:in `call'
railties (5.2.4.2) lib/rails/rack/logger.rb:38:in `call_app'
railties (5.2.4.2) lib/rails/rack/logger.rb:26:in `block in call'
activesupport (5.2.4.2) lib/active_support/tagged_logging.rb:71:in `block in tagged'
activesupport (5.2.4.2) lib/active_support/tagged_logging.rb:28:in `tagged'
activesupport (5.2.4.2) lib/active_support/tagged_logging.rb:71:in `tagged'
railties (5.2.4.2) lib/rails/rack/logger.rb:26:in `call'
sprockets-rails (3.2.1) lib/sprockets/rails/quiet_assets.rb:13:in `call'
actionpack (5.2.4.2) lib/action_dispatch/middleware/remote_ip.rb:81:in `call'
actionpack (5.2.4.2) lib/action_dispatch/middleware/request_id.rb:27:in `call'
rack (2.2.2) lib/rack/method_override.rb:24:in `call'
rack (2.2.2) lib/rack/runtime.rb:22:in `call'
activesupport (5.2.4.2) lib/active_support/cache/strategy/local_cache_middleware.rb:29:in `call'
actionpack (5.2.4.2) lib/action_dispatch/middleware/executor.rb:14:in `call'
actionpack (5.2.4.2) lib/action_dispatch/middleware/static.rb:127:in `call'
rack (2.2.2) lib/rack/sendfile.rb:110:in `call'
railties (5.2.4.2) lib/rails/engine.rb:524:in `call'
puma (3.12.4) lib/puma/configuration.rb:227:in `call'
puma (3.12.4) lib/puma/server.rb:675:in `handle_request'
puma (3.12.4) lib/puma/server.rb:476:in `process_client'
puma (3.12.4) lib/puma/server.rb:334:in `block in run'
puma (3.12.4) lib/puma/thread_pool.rb:135:in `block in spawn_thread'
Started GET "/api/users/user" for ::1 at 2020-04-27 12:45:36 -0700
  
ActionController::RoutingError (No route matches [GET] "/api/users/user"):
  
actionpack (5.2.4.2) lib/action_dispatch/middleware/debug_exceptions.rb:65:in `call'
web-console (3.7.0) lib/web_console/middleware.rb:135:in `call_app'
web-console (3.7.0) lib/web_console/middleware.rb:30:in `block in call'
web-console (3.7.0) lib/web_console/middleware.rb:20:in `catch'
web-console (3.7.0) lib/web_console/middleware.rb:20:in `call'
actionpack (5.2.4.2) lib/action_dispatch/middleware/show_exceptions.rb:33:in `call'
railties (5.2.4.2) lib/rails/rack/logger.rb:38:in `call_app'
railties (5.2.4.2) lib/rails/rack/logger.rb:26:in `block in call'
activesupport (5.2.4.2) lib/active_support/tagged_logging.rb:71:in `block in tagged'
activesupport (5.2.4.2) lib/active_support/tagged_logging.rb:28:in `tagged'
activesupport (5.2.4.2) lib/active_support/tagged_logging.rb:71:in `tagged'
railties (5.2.4.2) lib/rails/rack/logger.rb:26:in `call'
sprockets-rails (3.2.1) lib/sprockets/rails/quiet_assets.rb:13:in `call'
actionpack (5.2.4.2) lib/action_dispatch/middleware/remote_ip.rb:81:in `call'
actionpack (5.2.4.2) lib/action_dispatch/middleware/request_id.rb:27:in `call'
rack (2.2.2) lib/rack/method_override.rb:24:in `call'
rack (2.2.2) lib/rack/runtime.rb:22:in `call'
activesupport (5.2.4.2) lib/active_support/cache/strategy/local_cache_middleware.rb:29:in `call'
actionpack (5.2.4.2) lib/action_dispatch/middleware/executor.rb:14:in `call'
actionpack (5.2.4.2) lib/action_dispatch/middleware/static.rb:127:in `call'
rack (2.2.2) lib/rack/sendfile.rb:110:in `call'
railties (5.2.4.2) lib/rails/engine.rb:524:in `call'
puma (3.12.4) lib/puma/configuration.rb:227:in `call'
puma (3.12.4) lib/puma/server.rb:675:in `handle_request'
puma (3.12.4) lib/puma/server.rb:476:in `process_client'
puma (3.12.4) lib/puma/server.rb:334:in `block in run'
puma (3.12.4) lib/puma/thread_pool.rb:135:in `block in spawn_thread'
Started GET "/api/users/1" for ::1 at 2020-04-27 12:46:08 -0700
  
ActionController::RoutingError (No route matches [GET] "/api/users/1"):
  
actionpack (5.2.4.2) lib/action_dispatch/middleware/debug_exceptions.rb:65:in `call'
web-console (3.7.0) lib/web_console/middleware.rb:135:in `call_app'
web-console (3.7.0) lib/web_console/middleware.rb:30:in `block in call'
web-console (3.7.0) lib/web_console/middleware.rb:20:in `catch'
web-console (3.7.0) lib/web_console/middleware.rb:20:in `call'
actionpack (5.2.4.2) lib/action_dispatch/middleware/show_exceptions.rb:33:in `call'
railties (5.2.4.2) lib/rails/rack/logger.rb:38:in `call_app'
railties (5.2.4.2) lib/rails/rack/logger.rb:26:in `block in call'
activesupport (5.2.4.2) lib/active_support/tagged_logging.rb:71:in `block in tagged'
activesupport (5.2.4.2) lib/active_support/tagged_logging.rb:28:in `tagged'
activesupport (5.2.4.2) lib/active_support/tagged_logging.rb:71:in `tagged'
railties (5.2.4.2) lib/rails/rack/logger.rb:26:in `call'
sprockets-rails (3.2.1) lib/sprockets/rails/quiet_assets.rb:13:in `call'
actionpack (5.2.4.2) lib/action_dispatch/middleware/remote_ip.rb:81:in `call'
actionpack (5.2.4.2) lib/action_dispatch/middleware/request_id.rb:27:in `call'
rack (2.2.2) lib/rack/method_override.rb:24:in `call'
rack (2.2.2) lib/rack/runtime.rb:22:in `call'
activesupport (5.2.4.2) lib/active_support/cache/strategy/local_cache_middleware.rb:29:in `call'
actionpack (5.2.4.2) lib/action_dispatch/middleware/executor.rb:14:in `call'
actionpack (5.2.4.2) lib/action_dispatch/middleware/static.rb:127:in `call'
rack (2.2.2) lib/rack/sendfile.rb:110:in `call'
railties (5.2.4.2) lib/rails/engine.rb:524:in `call'
puma (3.12.4) lib/puma/configuration.rb:227:in `call'
puma (3.12.4) lib/puma/server.rb:675:in `handle_request'
puma (3.12.4) lib/puma/server.rb:476:in `process_client'
puma (3.12.4) lib/puma/server.rb:334:in `block in run'
puma (3.12.4) lib/puma/thread_pool.rb:135:in `block in spawn_thread'
Started GET "/api/users/1" for ::1 at 2020-04-27 12:46:29 -0700
Processing by Api::UsersController#show as JSON
  Parameters: {"id"=>"1"}
  Rendering api/users/show.json.jbuilder
  Rendered api/users/_user.json.jbuilder (3.5ms)
  Rendered api/users/show.json.jbuilder (4.8ms)
Completed 500 Internal Server Error in 15ms (ActiveRecord: 0.0ms)



ActionView::Template::Error - undefined method `id' for nil:NilClass:
  app/views/api/users/show.json.jbuilder:1:in `_app_views_api_users_show_json_jbuilder___2533008332106979327_70161798356840'

Started POST "/__better_errors/d68d63cfd2ea0ac2/variables" for ::1 at 2020-04-27 12:46:29 -0700
Started GET "/api/users/1" for ::1 at 2020-04-27 12:47:25 -0700
Processing by Api::UsersController#show as JSON
  Parameters: {"id"=>"1"}
  [1m[36mUser Load (1.0ms)[0m  [1m[34mSELECT  "users".* FROM "users" WHERE "users"."id" = $1 LIMIT $2[0m  [["id", 1], ["LIMIT", 1]]
  ↳ app/controllers/api/users_controller.rb:7
  Rendering api/users/show.json.jbuilder
  Rendered api/users/_user.json.jbuilder (0.3ms)
  Rendered api/users/show.json.jbuilder (1.5ms)
Completed 200 OK in 34ms (Views: 9.1ms | ActiveRecord: 9.5ms)


Started GET "/api/users/" for ::1 at 2020-04-27 12:47:49 -0700
Processing by Api::UsersController#index as JSON
  Rendering api/users/index.json.jbuilder
  [1m[36mUser Load (0.3ms)[0m  [1m[34mSELECT "users".* FROM "users"[0m
  ↳ app/views/api/users/index.json.jbuilder:1
  Rendered api/users/_user.json.jbuilder (0.3ms)
  Rendered api/users/_user.json.jbuilder (0.1ms)
  Rendered api/users/_user.json.jbuilder (0.1ms)
  Rendered api/users/_user.json.jbuilder (0.0ms)
  Rendered api/users/_user.json.jbuilder (0.1ms)
  Rendered api/users/_user.json.jbuilder (0.0ms)
  Rendered api/users/index.json.jbuilder (7.1ms)
Completed 200 OK in 18ms (Views: 14.2ms | ActiveRecord: 0.3ms)


Started GET "/api/users/show" for ::1 at 2020-04-27 12:48:42 -0700
Processing by Api::UsersController#show as JSON
  Parameters: {"id"=>"show"}
  [1m[36mUser Load (0.9ms)[0m  [1m[34mSELECT  "users".* FROM "users" WHERE "users"."id" = $1 LIMIT $2[0m  [["id", 0], ["LIMIT", 1]]
  ↳ app/controllers/api/users_controller.rb:7
  Rendering api/users/show.json.jbuilder
  Rendered api/users/_user.json.jbuilder (4.8ms)
  Rendered api/users/show.json.jbuilder (9.4ms)
Completed 500 Internal Server Error in 33ms (ActiveRecord: 3.5ms)



ActionView::Template::Error - undefined method `id' for nil:NilClass:
  app/views/api/users/show.json.jbuilder:1:in `_app_views_api_users_show_json_jbuilder___2533008332106979327_70161759591800'

Started POST "/__better_errors/e6226f8e21a0aa97/variables" for ::1 at 2020-04-27 12:48:43 -0700
Started GET "/api/users/show" for ::1 at 2020-04-27 12:51:00 -0700
Processing by Api::UsersController#show as JSON
  Parameters: {"id"=>"show"}
  [1m[36mUser Load (0.2ms)[0m  [1m[34mSELECT  "users".* FROM "users" WHERE "users"."id" = $1 LIMIT $2[0m  [["id", 0], ["LIMIT", 1]]
  ↳ app/controllers/api/users_controller.rb:7
  Rendering api/users/show.json.jbuilder
  Rendered api/users/_user.json.jbuilder (4.0ms)
  Rendered api/users/show.json.jbuilder (5.2ms)
Completed 500 Internal Server Error in 22ms (ActiveRecord: 1.8ms)



ActionView::Template::Error - undefined method `id' for nil:NilClass:
  app/views/api/users/show.json.jbuilder:1:in `_app_views_api_users_show_json_jbuilder___2533008332106979327_70161806052920'

Started POST "/__better_errors/cb3cfa9fb08a3604/variables" for ::1 at 2020-04-27 12:51:00 -0700
Started GET "/api/users/" for ::1 at 2020-04-27 12:51:04 -0700
Processing by Api::UsersController#index as JSON
  Rendering api/users/index.json.jbuilder
  [1m[36mUser Load (0.3ms)[0m  [1m[34mSELECT "users".* FROM "users"[0m
  ↳ app/views/api/users/index.json.jbuilder:1
  Rendered api/users/_user.json.jbuilder (0.3ms)
  Rendered api/users/_user.json.jbuilder (0.1ms)
  Rendered api/users/_user.json.jbuilder (0.1ms)
  Rendered api/users/_user.json.jbuilder (0.1ms)
  Rendered api/users/_user.json.jbuilder (0.0ms)
  Rendered api/users/_user.json.jbuilder (0.0ms)
  Rendered api/users/index.json.jbuilder (16.2ms)
Completed 200 OK in 29ms (Views: 22.3ms | ActiveRecord: 3.4ms)


Started GET "/api/users/" for ::1 at 2020-04-27 12:54:58 -0700
  [1m[35m (0.7ms)[0m  [1m[34mSELECT "schema_migrations"."version" FROM "schema_migrations" ORDER BY "schema_migrations"."version" ASC[0m
  ↳ /Users/darrenyong/.rbenv/versions/2.5.1/lib/ruby/gems/2.5.0/gems/activerecord-5.2.4.2/lib/active_record/log_subscriber.rb:98
Processing by Api::UsersController#index as JSON
  Rendering api/users/index.json.jbuilder
  [1m[36mUser Load (0.7ms)[0m  [1m[34mSELECT "users".* FROM "users"[0m
  ↳ app/views/api/users/index.json.jbuilder:1
  Rendered api/users/_user.json.jbuilder (0.3ms)
  Rendered api/users/_user.json.jbuilder (0.0ms)
  Rendered api/users/_user.json.jbuilder (0.0ms)
  Rendered api/users/_user.json.jbuilder (0.0ms)
  Rendered api/users/_user.json.jbuilder (0.0ms)
  Rendered api/users/_user.json.jbuilder (0.0ms)
  Rendered api/users/index.json.jbuilder (19.7ms)
Completed 200 OK in 38ms (Views: 23.7ms | ActiveRecord: 6.3ms)


Started GET "/api/users/" for ::1 at 2020-04-27 12:56:37 -0700
  [1m[35m (0.7ms)[0m  [1m[34mSELECT "schema_migrations"."version" FROM "schema_migrations" ORDER BY "schema_migrations"."version" ASC[0m
  ↳ /Users/darrenyong/.rbenv/versions/2.5.1/lib/ruby/gems/2.5.0/gems/activerecord-5.2.4.2/lib/active_record/log_subscriber.rb:98
Processing by Api::UsersController#index as JSON
  Rendering api/users/index.json.jbuilder
  [1m[36mUser Load (0.8ms)[0m  [1m[34mSELECT "users".* FROM "users"[0m
  ↳ app/views/api/users/index.json.jbuilder:1
  Rendered api/users/_user.json.jbuilder (0.3ms)
  Rendered api/users/_user.json.jbuilder (0.1ms)
  Rendered api/users/_user.json.jbuilder (0.0ms)
  Rendered api/users/_user.json.jbuilder (0.0ms)
  Rendered api/users/_user.json.jbuilder (0.0ms)
  Rendered api/users/_user.json.jbuilder (0.0ms)
  Rendered api/users/index.json.jbuilder (19.2ms)
Completed 200 OK in 37ms (Views: 24.2ms | ActiveRecord: 5.5ms)


Started GET "/api/users/" for ::1 at 2020-04-27 13:08:42 -0700
Processing by Api::UsersController#index as JSON
  Rendering api/users/index.json.jbuilder
  [1m[36mUser Load (1.0ms)[0m  [1m[34mSELECT "users".* FROM "users"[0m
  ↳ app/views/api/users/index.json.jbuilder:1
  Rendered api/users/_user.json.jbuilder (0.3ms)
  Rendered api/users/_user.json.jbuilder (0.0ms)
  Rendered api/users/_user.json.jbuilder (0.0ms)
  Rendered api/users/_user.json.jbuilder (0.0ms)
  Rendered api/users/_user.json.jbuilder (0.0ms)
  Rendered api/users/_user.json.jbuilder (0.0ms)
  Rendered api/users/index.json.jbuilder (7.4ms)
Completed 200 OK in 18ms (Views: 13.9ms | ActiveRecord: 1.0ms)


Started GET "/" for ::1 at 2020-04-27 13:08:49 -0700
Processing by StaticPagesController#root as HTML
  Rendering static_pages/root.html.erb within layouts/application
  Rendered static_pages/root.html.erb within layouts/application (0.8ms)
Completed 500 Internal Server Error in 153ms (ActiveRecord: 0.0ms)



ActionView::Template::Error - couldn't find file 'jquery' with type 'application/javascript'
Checked in these paths: 
  /Users/darrenyong/Desktop/AA/earmark/app/assets/config
  /Users/darrenyong/Desktop/AA/earmark/app/assets/images
  /Users/darrenyong/Desktop/AA/earmark/app/assets/javascripts
  /Users/darrenyong/Desktop/AA/earmark/app/assets/stylesheets
  /Users/darrenyong/.rbenv/versions/2.5.1/lib/ruby/gems/2.5.0/gems/coffee-rails-4.2.2/lib/assets/javascripts
  /Users/darrenyong/.rbenv/versions/2.5.1/lib/ruby/gems/2.5.0/gems/actioncable-5.2.4.2/lib/assets/compiled
  /Users/darrenyong/.rbenv/versions/2.5.1/lib/ruby/gems/2.5.0/gems/activestorage-5.2.4.2/app/assets/javascripts
  /Users/darrenyong/.rbenv/versions/2.5.1/lib/ruby/gems/2.5.0/gems/actionview-5.2.4.2/lib/assets/compiled
  /Users/darrenyong/.rbenv/versions/2.5.1/lib/ruby/gems/2.5.0/gems/turbolinks-source-5.2.0/lib/assets/javascripts
  /Users/darrenyong/Desktop/AA/earmark/node_modules:

Started POST "/__better_errors/242e623cbc2db4dd/variables" for ::1 at 2020-04-27 13:08:49 -0700
Started GET "/" for ::1 at 2020-04-27 13:09:02 -0700
Processing by StaticPagesController#root as HTML
  Rendering static_pages/root.html.erb within layouts/application
  Rendered static_pages/root.html.erb within layouts/application (1.0ms)
Completed 500 Internal Server Error in 41ms (ActiveRecord: 0.0ms)



ActionView::Template::Error - couldn't find file 'jquery' with type 'application/javascript'
Checked in these paths: 
  /Users/darrenyong/Desktop/AA/earmark/app/assets/config
  /Users/darrenyong/Desktop/AA/earmark/app/assets/images
  /Users/darrenyong/Desktop/AA/earmark/app/assets/javascripts
  /Users/darrenyong/Desktop/AA/earmark/app/assets/stylesheets
  /Users/darrenyong/.rbenv/versions/2.5.1/lib/ruby/gems/2.5.0/gems/coffee-rails-4.2.2/lib/assets/javascripts
  /Users/darrenyong/.rbenv/versions/2.5.1/lib/ruby/gems/2.5.0/gems/actioncable-5.2.4.2/lib/assets/compiled
  /Users/darrenyong/.rbenv/versions/2.5.1/lib/ruby/gems/2.5.0/gems/activestorage-5.2.4.2/app/assets/javascripts
  /Users/darrenyong/.rbenv/versions/2.5.1/lib/ruby/gems/2.5.0/gems/actionview-5.2.4.2/lib/assets/compiled
  /Users/darrenyong/.rbenv/versions/2.5.1/lib/ruby/gems/2.5.0/gems/turbolinks-source-5.2.0/lib/assets/javascripts
  /Users/darrenyong/Desktop/AA/earmark/node_modules:

Started POST "/__better_errors/6a5c9e96f1e0d29c/variables" for ::1 at 2020-04-27 13:09:02 -0700
Started GET "/" for ::1 at 2020-04-27 13:10:57 -0700
  [1m[35m (0.7ms)[0m  [1m[34mSELECT "schema_migrations"."version" FROM "schema_migrations" ORDER BY "schema_migrations"."version" ASC[0m
  ↳ /Users/darrenyong/.rbenv/versions/2.5.1/lib/ruby/gems/2.5.0/gems/activerecord-5.2.4.2/lib/active_record/log_subscriber.rb:98
Processing by StaticPagesController#root as HTML
  Rendering static_pages/root.html.erb within layouts/application
  Rendered static_pages/root.html.erb within layouts/application (1.2ms)
Completed 200 OK in 1160ms (Views: 1153.6ms | ActiveRecord: 0.0ms)


Started GET "/" for ::1 at 2020-04-27 13:14:36 -0700
  [1m[35m (0.7ms)[0m  [1m[34mSELECT "schema_migrations"."version" FROM "schema_migrations" ORDER BY "schema_migrations"."version" ASC[0m
  ↳ /Users/darrenyong/.rbenv/versions/2.5.1/lib/ruby/gems/2.5.0/gems/activerecord-5.2.4.2/lib/active_record/log_subscriber.rb:98
Processing by StaticPagesController#root as HTML
  Rendering static_pages/root.html.erb within layouts/application
  Rendered static_pages/root.html.erb within layouts/application (1.0ms)
Completed 200 OK in 1139ms (Views: 1133.5ms | ActiveRecord: 0.0ms)


Started GET "/" for ::1 at 2020-04-27 13:15:44 -0700
  [1m[35m (0.7ms)[0m  [1m[34mSELECT "schema_migrations"."version" FROM "schema_migrations" ORDER BY "schema_migrations"."version" ASC[0m
  ↳ /Users/darrenyong/.rbenv/versions/2.5.1/lib/ruby/gems/2.5.0/gems/activerecord-5.2.4.2/lib/active_record/log_subscriber.rb:98
Processing by StaticPagesController#root as HTML
  Rendering static_pages/root.html.erb within layouts/application
  Rendered static_pages/root.html.erb within layouts/application (0.7ms)
Completed 200 OK in 1100ms (Views: 1093.8ms | ActiveRecord: 0.0ms)


Started POST "/api/session" for ::1 at 2020-04-27 13:15:57 -0700

ActionController::RoutingError - uninitialized constant Api::SessionsController:

Started POST "/api/session" for ::1 at 2020-04-27 13:16:10 -0700

ActionController::RoutingError - uninitialized constant Api::SessionsController:

Started POST "/api/users" for ::1 at 2020-04-27 13:20:07 -0700
Processing by Api::UsersController#create as JSON
  Parameters: {"email"=>"darrickyong@earmark.com", "password"=>"[FILTERED]"}
Completed 400 Bad Request in 3ms (ActiveRecord: 0.0ms)



ActionController::ParameterMissing - param is missing or the value is empty: user:
  app/controllers/api/users_controller.rb:22:in `user_params'
  app/controllers/api/users_controller.rb:11:in `create'

Started GET "/api/users" for ::1 at 2020-04-27 13:20:32 -0700
Processing by Api::UsersController#index as JSON
  Rendering api/users/index.json.jbuilder
  [1m[36mUser Load (0.7ms)[0m  [1m[34mSELECT "users".* FROM "users"[0m
  ↳ app/views/api/users/index.json.jbuilder:1
  Rendered api/users/_user.json.jbuilder (0.2ms)
  Rendered api/users/_user.json.jbuilder (0.0ms)
  Rendered api/users/_user.json.jbuilder (0.1ms)
  Rendered api/users/_user.json.jbuilder (0.0ms)
  Rendered api/users/_user.json.jbuilder (0.0ms)
  Rendered api/users/_user.json.jbuilder (0.0ms)
  Rendered api/users/index.json.jbuilder (19.3ms)
Completed 200 OK in 30ms (Views: 18.1ms | ActiveRecord: 8.4ms)


Started GET "/api/users" for ::1 at 2020-04-27 13:20:48 -0700
Processing by Api::UsersController#index as JSON
  Rendering api/users/index.json.jbuilder
  [1m[36mUser Load (0.3ms)[0m  [1m[34mSELECT "users".* FROM "users"[0m
  ↳ app/views/api/users/index.json.jbuilder:1
  Rendered api/users/_user.json.jbuilder (0.3ms)
  Rendered api/users/_user.json.jbuilder (0.0ms)
  Rendered api/users/_user.json.jbuilder (0.0ms)
  Rendered api/users/_user.json.jbuilder (0.0ms)
  Rendered api/users/_user.json.jbuilder (0.0ms)
  Rendered api/users/_user.json.jbuilder (0.0ms)
  Rendered api/users/index.json.jbuilder (6.1ms)
Completed 200 OK in 18ms (Views: 13.8ms | ActiveRecord: 0.3ms)


Started GET "/api/session" for ::1 at 2020-04-27 13:20:59 -0700
  
ActionController::RoutingError (No route matches [GET] "/api/session"):
  
actionpack (5.2.4.2) lib/action_dispatch/middleware/debug_exceptions.rb:65:in `call'
web-console (3.7.0) lib/web_console/middleware.rb:135:in `call_app'
web-console (3.7.0) lib/web_console/middleware.rb:30:in `block in call'
web-console (3.7.0) lib/web_console/middleware.rb:20:in `catch'
web-console (3.7.0) lib/web_console/middleware.rb:20:in `call'
actionpack (5.2.4.2) lib/action_dispatch/middleware/show_exceptions.rb:33:in `call'
railties (5.2.4.2) lib/rails/rack/logger.rb:38:in `call_app'
railties (5.2.4.2) lib/rails/rack/logger.rb:26:in `block in call'
activesupport (5.2.4.2) lib/active_support/tagged_logging.rb:71:in `block in tagged'
activesupport (5.2.4.2) lib/active_support/tagged_logging.rb:28:in `tagged'
activesupport (5.2.4.2) lib/active_support/tagged_logging.rb:71:in `tagged'
railties (5.2.4.2) lib/rails/rack/logger.rb:26:in `call'
sprockets-rails (3.2.1) lib/sprockets/rails/quiet_assets.rb:13:in `call'
actionpack (5.2.4.2) lib/action_dispatch/middleware/remote_ip.rb:81:in `call'
actionpack (5.2.4.2) lib/action_dispatch/middleware/request_id.rb:27:in `call'
rack (2.2.2) lib/rack/method_override.rb:24:in `call'
rack (2.2.2) lib/rack/runtime.rb:22:in `call'
activesupport (5.2.4.2) lib/active_support/cache/strategy/local_cache_middleware.rb:29:in `call'
actionpack (5.2.4.2) lib/action_dispatch/middleware/executor.rb:14:in `call'
actionpack (5.2.4.2) lib/action_dispatch/middleware/static.rb:127:in `call'
rack (2.2.2) lib/rack/sendfile.rb:110:in `call'
railties (5.2.4.2) lib/rails/engine.rb:524:in `call'
puma (3.12.4) lib/puma/configuration.rb:227:in `call'
puma (3.12.4) lib/puma/server.rb:675:in `handle_request'
puma (3.12.4) lib/puma/server.rb:476:in `process_client'
puma (3.12.4) lib/puma/server.rb:334:in `block in run'
puma (3.12.4) lib/puma/thread_pool.rb:135:in `block in spawn_thread'
Started GET "/api/session" for ::1 at 2020-04-27 13:22:05 -0700

ActionController::RoutingError - uninitialized constant Api::SessionsController:

Started POST "/__better_errors/3c2ba633bf23d597/variables" for ::1 at 2020-04-27 13:22:06 -0700
Started GET "/api/session" for ::1 at 2020-04-27 13:22:19 -0700

ActionController::RoutingError - uninitialized constant Api::SessionsController:

Started POST "/__better_errors/286834fb3e03503c/variables" for ::1 at 2020-04-27 13:22:19 -0700
Started POST "/__better_errors/286834fb3e03503c/variables" for ::1 at 2020-04-27 13:22:19 -0700
Started GET "/api/session" for ::1 at 2020-04-27 13:22:20 -0700

ActionController::RoutingError - uninitialized constant Api::SessionsController:

Started POST "/__better_errors/7547ecd1f38e4967/variables" for ::1 at 2020-04-27 13:22:20 -0700
Started GET "/api/session" for ::1 at 2020-04-27 13:22:20 -0700

ActionController::RoutingError - uninitialized constant Api::SessionsController:

Started POST "/__better_errors/ab3195688979c3a5/variables" for ::1 at 2020-04-27 13:22:20 -0700
Started GET "/api/session" for ::1 at 2020-04-27 13:22:20 -0700

ActionController::RoutingError - uninitialized constant Api::SessionsController:

Started POST "/__better_errors/e31c6888a149c0fa/variables" for ::1 at 2020-04-27 13:22:20 -0700
Started GET "/api/session" for ::1 at 2020-04-27 13:22:20 -0700

ActionController::RoutingError - uninitialized constant Api::SessionsController:

Started POST "/__better_errors/c723c7364484a7c5/variables" for ::1 at 2020-04-27 13:22:20 -0700
Started GET "/" for ::1 at 2020-04-27 13:22:24 -0700
Processing by StaticPagesController#root as HTML
  Rendering static_pages/root.html.erb within layouts/application
  Rendered static_pages/root.html.erb within layouts/application (0.9ms)
Completed 200 OK in 37ms (Views: 32.6ms | ActiveRecord: 0.0ms)


Started POST "/api/session" for ::1 at 2020-04-27 13:22:26 -0700

ActionController::RoutingError - uninitialized constant Api::SessionsController:

Started POST "/api/session" for ::1 at 2020-04-27 13:23:00 -0700

ActionController::RoutingError - uninitialized constant Api::SessionsController:

Started GET "/" for ::1 at 2020-04-27 13:32:58 -0700
Processing by StaticPagesController#root as HTML
  Rendering static_pages/root.html.erb within layouts/application
  Rendered static_pages/root.html.erb within layouts/application (0.3ms)
Completed 200 OK in 34ms (Views: 31.8ms | ActiveRecord: 0.0ms)


Started POST "/api/session" for ::1 at 2020-04-27 13:33:03 -0700

ActionController::RoutingError - uninitialized constant Api::SessionsController:

Started GET "/api/users/1" for ::1 at 2020-04-27 13:41:25 -0700
Processing by Api::UsersController#show as JSON
  Parameters: {"id"=>"1"}
  [1m[36mUser Load (0.6ms)[0m  [1m[34mSELECT  "users".* FROM "users" WHERE "users"."id" = $1 LIMIT $2[0m  [["id", 1], ["LIMIT", 1]]
  ↳ app/controllers/api/users_controller.rb:7
  Rendering api/users/show.json.jbuilder
  Rendered api/users/_user.json.jbuilder (0.4ms)
  Rendered api/users/show.json.jbuilder (2.2ms)
Completed 200 OK in 36ms (Views: 9.9ms | ActiveRecord: 10.1ms)


Started GET "/api/session" for ::1 at 2020-04-27 13:41:31 -0700
  
ActionController::RoutingError (No route matches [GET] "/api/session"):
  
actionpack (5.2.4.2) lib/action_dispatch/middleware/debug_exceptions.rb:65:in `call'
web-console (3.7.0) lib/web_console/middleware.rb:135:in `call_app'
web-console (3.7.0) lib/web_console/middleware.rb:30:in `block in call'
web-console (3.7.0) lib/web_console/middleware.rb:20:in `catch'
web-console (3.7.0) lib/web_console/middleware.rb:20:in `call'
actionpack (5.2.4.2) lib/action_dispatch/middleware/show_exceptions.rb:33:in `call'
railties (5.2.4.2) lib/rails/rack/logger.rb:38:in `call_app'
railties (5.2.4.2) lib/rails/rack/logger.rb:26:in `block in call'
activesupport (5.2.4.2) lib/active_support/tagged_logging.rb:71:in `block in tagged'
activesupport (5.2.4.2) lib/active_support/tagged_logging.rb:28:in `tagged'
activesupport (5.2.4.2) lib/active_support/tagged_logging.rb:71:in `tagged'
railties (5.2.4.2) lib/rails/rack/logger.rb:26:in `call'
sprockets-rails (3.2.1) lib/sprockets/rails/quiet_assets.rb:13:in `call'
actionpack (5.2.4.2) lib/action_dispatch/middleware/remote_ip.rb:81:in `call'
actionpack (5.2.4.2) lib/action_dispatch/middleware/request_id.rb:27:in `call'
rack (2.2.2) lib/rack/method_override.rb:24:in `call'
rack (2.2.2) lib/rack/runtime.rb:22:in `call'
activesupport (5.2.4.2) lib/active_support/cache/strategy/local_cache_middleware.rb:29:in `call'
actionpack (5.2.4.2) lib/action_dispatch/middleware/executor.rb:14:in `call'
actionpack (5.2.4.2) lib/action_dispatch/middleware/static.rb:127:in `call'
rack (2.2.2) lib/rack/sendfile.rb:110:in `call'
railties (5.2.4.2) lib/rails/engine.rb:524:in `call'
puma (3.12.4) lib/puma/configuration.rb:227:in `call'
puma (3.12.4) lib/puma/server.rb:675:in `handle_request'
puma (3.12.4) lib/puma/server.rb:476:in `process_client'
puma (3.12.4) lib/puma/server.rb:334:in `block in run'
puma (3.12.4) lib/puma/thread_pool.rb:135:in `block in spawn_thread'
Started GET "/api/session" for ::1 at 2020-04-27 13:44:58 -0700
  
ActionController::RoutingError (No route matches [GET] "/api/session"):
  
actionpack (5.2.4.2) lib/action_dispatch/middleware/debug_exceptions.rb:65:in `call'
web-console (3.7.0) lib/web_console/middleware.rb:135:in `call_app'
web-console (3.7.0) lib/web_console/middleware.rb:30:in `block in call'
web-console (3.7.0) lib/web_console/middleware.rb:20:in `catch'
web-console (3.7.0) lib/web_console/middleware.rb:20:in `call'
actionpack (5.2.4.2) lib/action_dispatch/middleware/show_exceptions.rb:33:in `call'
railties (5.2.4.2) lib/rails/rack/logger.rb:38:in `call_app'
railties (5.2.4.2) lib/rails/rack/logger.rb:26:in `block in call'
activesupport (5.2.4.2) lib/active_support/tagged_logging.rb:71:in `block in tagged'
activesupport (5.2.4.2) lib/active_support/tagged_logging.rb:28:in `tagged'
activesupport (5.2.4.2) lib/active_support/tagged_logging.rb:71:in `tagged'
railties (5.2.4.2) lib/rails/rack/logger.rb:26:in `call'
sprockets-rails (3.2.1) lib/sprockets/rails/quiet_assets.rb:13:in `call'
actionpack (5.2.4.2) lib/action_dispatch/middleware/remote_ip.rb:81:in `call'
actionpack (5.2.4.2) lib/action_dispatch/middleware/request_id.rb:27:in `call'
rack (2.2.2) lib/rack/method_override.rb:24:in `call'
rack (2.2.2) lib/rack/runtime.rb:22:in `call'
activesupport (5.2.4.2) lib/active_support/cache/strategy/local_cache_middleware.rb:29:in `call'
actionpack (5.2.4.2) lib/action_dispatch/middleware/executor.rb:14:in `call'
actionpack (5.2.4.2) lib/action_dispatch/middleware/static.rb:127:in `call'
rack (2.2.2) lib/rack/sendfile.rb:110:in `call'
railties (5.2.4.2) lib/rails/engine.rb:524:in `call'
puma (3.12.4) lib/puma/configuration.rb:227:in `call'
puma (3.12.4) lib/puma/server.rb:675:in `handle_request'
puma (3.12.4) lib/puma/server.rb:476:in `process_client'
puma (3.12.4) lib/puma/server.rb:334:in `block in run'
puma (3.12.4) lib/puma/thread_pool.rb:135:in `block in spawn_thread'
Started GET "/api/session" for ::1 at 2020-04-27 13:44:59 -0700
  
ActionController::RoutingError (No route matches [GET] "/api/session"):
  
actionpack (5.2.4.2) lib/action_dispatch/middleware/debug_exceptions.rb:65:in `call'
web-console (3.7.0) lib/web_console/middleware.rb:135:in `call_app'
web-console (3.7.0) lib/web_console/middleware.rb:30:in `block in call'
web-console (3.7.0) lib/web_console/middleware.rb:20:in `catch'
web-console (3.7.0) lib/web_console/middleware.rb:20:in `call'
actionpack (5.2.4.2) lib/action_dispatch/middleware/show_exceptions.rb:33:in `call'
railties (5.2.4.2) lib/rails/rack/logger.rb:38:in `call_app'
railties (5.2.4.2) lib/rails/rack/logger.rb:26:in `block in call'
activesupport (5.2.4.2) lib/active_support/tagged_logging.rb:71:in `block in tagged'
activesupport (5.2.4.2) lib/active_support/tagged_logging.rb:28:in `tagged'
activesupport (5.2.4.2) lib/active_support/tagged_logging.rb:71:in `tagged'
railties (5.2.4.2) lib/rails/rack/logger.rb:26:in `call'
sprockets-rails (3.2.1) lib/sprockets/rails/quiet_assets.rb:13:in `call'
actionpack (5.2.4.2) lib/action_dispatch/middleware/remote_ip.rb:81:in `call'
actionpack (5.2.4.2) lib/action_dispatch/middleware/request_id.rb:27:in `call'
rack (2.2.2) lib/rack/method_override.rb:24:in `call'
rack (2.2.2) lib/rack/runtime.rb:22:in `call'
activesupport (5.2.4.2) lib/active_support/cache/strategy/local_cache_middleware.rb:29:in `call'
actionpack (5.2.4.2) lib/action_dispatch/middleware/executor.rb:14:in `call'
actionpack (5.2.4.2) lib/action_dispatch/middleware/static.rb:127:in `call'
rack (2.2.2) lib/rack/sendfile.rb:110:in `call'
railties (5.2.4.2) lib/rails/engine.rb:524:in `call'
puma (3.12.4) lib/puma/configuration.rb:227:in `call'
puma (3.12.4) lib/puma/server.rb:675:in `handle_request'
puma (3.12.4) lib/puma/server.rb:476:in `process_client'
puma (3.12.4) lib/puma/server.rb:334:in `block in run'
puma (3.12.4) lib/puma/thread_pool.rb:135:in `block in spawn_thread'
Started GET "/" for ::1 at 2020-04-27 13:45:04 -0700
Processing by StaticPagesController#root as HTML
  Rendering static_pages/root.html.erb within layouts/application
  Rendered static_pages/root.html.erb within layouts/application (0.4ms)
Completed 200 OK in 37ms (Views: 34.3ms | ActiveRecord: 0.0ms)


Started POST "/api/session" for ::1 at 2020-04-27 13:45:08 -0700

ActionController::RoutingError - uninitialized constant Api::SessionsController:

Started GET "/" for ::1 at 2020-04-27 13:51:20 -0700
  [1m[35m (2.1ms)[0m  [1m[34mSELECT "schema_migrations"."version" FROM "schema_migrations" ORDER BY "schema_migrations"."version" ASC[0m
  ↳ /Users/darrenyong/.rbenv/versions/2.5.1/lib/ruby/gems/2.5.0/gems/activerecord-5.2.4.2/lib/active_record/log_subscriber.rb:98
Processing by StaticPagesController#root as HTML
  Rendering static_pages/root.html.erb within layouts/application
  Rendered static_pages/root.html.erb within layouts/application (1.4ms)
Started GET "/api/users/" for ::1 at 2020-04-27 13:51:21 -0700
Completed 200 OK in 1007ms (Views: 1001.3ms | ActiveRecord: 0.0ms)


Processing by Api::UsersController#index as JSON
  Rendering api/users/index.json.jbuilder
  [1m[36mUser Load (0.8ms)[0m  [1m[34mSELECT "users".* FROM "users"[0m
  ↳ app/views/api/users/index.json.jbuilder:1
  Rendered api/users/_user.json.jbuilder (0.3ms)
  Rendered api/users/_user.json.jbuilder (0.0ms)
  Rendered api/users/_user.json.jbuilder (0.0ms)
  Rendered api/users/_user.json.jbuilder (0.0ms)
  Rendered api/users/_user.json.jbuilder (0.0ms)
  Rendered api/users/_user.json.jbuilder (0.0ms)
  Rendered api/users/index.json.jbuilder (21.0ms)
Completed 200 OK in 36ms (Views: 20.9ms | ActiveRecord: 8.0ms)


Started GET "/" for ::1 at 2020-04-27 13:51:26 -0700
Processing by StaticPagesController#root as HTML
  Rendering static_pages/root.html.erb within layouts/application
  Rendered static_pages/root.html.erb within layouts/application (0.3ms)
Completed 200 OK in 48ms (Views: 43.9ms | ActiveRecord: 0.0ms)


Started POST "/api/users" for ::1 at 2020-04-27 13:51:55 -0700
Processing by Api::UsersController#create as JSON
  Parameters: {"user"=>{"name"=>"New User", "email"=>"newuser@earmark.com", "password"=>"[FILTERED]"}}
  [1m[35m (0.3ms)[0m  [1m[35mBEGIN[0m
  ↳ app/controllers/api/users_controller.rb:12
  [1m[36mUser Exists (0.9ms)[0m  [1m[34mSELECT  1 AS one FROM "users" WHERE "users"."email" = $1 LIMIT $2[0m  [["email", "newuser@earmark.com"], ["LIMIT", 1]]
  ↳ app/controllers/api/users_controller.rb:12
  [1m[36mUser Exists (0.4ms)[0m  [1m[34mSELECT  1 AS one FROM "users" WHERE "users"."session_token" = $1 LIMIT $2[0m  [["session_token", "dWtGdl9K9cdswHgF34e3Jw"], ["LIMIT", 1]]
  ↳ app/controllers/api/users_controller.rb:12
  [1m[36mUser Create (1.5ms)[0m  [1m[32mINSERT INTO "users" ("name", "email", "password_digest", "session_token", "created_at", "updated_at") VALUES ($1, $2, $3, $4, $5, $6) RETURNING "id"[0m  [["name", "New User"], ["email", "newuser@earmark.com"], ["password_digest", "$2a$12$udmcQDX6FgKxHAgnpbQfH.q2XCYwMYsE2KVkmdK4Gq8qLFs9p9gOe"], ["session_token", "dWtGdl9K9cdswHgF34e3Jw"], ["created_at", "2020-04-27 20:51:56.063244"], ["updated_at", "2020-04-27 20:51:56.063244"]]
  ↳ app/controllers/api/users_controller.rb:12
  [1m[35m (1.3ms)[0m  [1m[35mCOMMIT[0m
  ↳ app/controllers/api/users_controller.rb:12
  [1m[35m (0.1ms)[0m  [1m[35mBEGIN[0m
  ↳ app/models/user.rb:35
  [1m[36mUser Exists (0.4ms)[0m  [1m[34mSELECT  1 AS one FROM "users" WHERE "users"."email" = $1 AND "users"."id" != $2 LIMIT $3[0m  [["email", "newuser@earmark.com"], ["id", 7], ["LIMIT", 1]]
  ↳ app/models/user.rb:35
  [1m[36mUser Exists (0.3ms)[0m  [1m[34mSELECT  1 AS one FROM "users" WHERE "users"."session_token" = $1 AND "users"."id" != $2 LIMIT $3[0m  [["session_token", "dk2SeFw0iomjjgZHzl2yWA"], ["id", 7], ["LIMIT", 1]]
  ↳ app/models/user.rb:35
  [1m[36mUser Update (0.4ms)[0m  [1m[33mUPDATE "users" SET "session_token" = $1, "updated_at" = $2 WHERE "users"."id" = $3[0m  [["session_token", "dk2SeFw0iomjjgZHzl2yWA"], ["updated_at", "2020-04-27 20:51:56.070601"], ["id", 7]]
  ↳ app/models/user.rb:35
  [1m[35m (0.3ms)[0m  [1m[35mCOMMIT[0m
  ↳ app/models/user.rb:35
  Rendering api/users/show.json.jbuilder
  Rendered api/users/_user.json.jbuilder (0.2ms)
  Rendered api/users/show.json.jbuilder (1.5ms)
Completed 200 OK in 250ms (Views: 8.5ms | ActiveRecord: 6.0ms)


  [1m[36mUser Load (0.9ms)[0m  [1m[34mSELECT "users".* FROM "users"[0m
Started POST "/api/session" for ::1 at 2020-04-27 13:52:42 -0700

ActionController::RoutingError - uninitialized constant Api::SessionsController:

Started GET "/" for ::1 at 2020-04-27 13:58:34 -0700
  [1m[35m (0.9ms)[0m  [1m[34mSELECT "schema_migrations"."version" FROM "schema_migrations" ORDER BY "schema_migrations"."version" ASC[0m
  ↳ /Users/darrenyong/.rbenv/versions/2.5.1/lib/ruby/gems/2.5.0/gems/activerecord-5.2.4.2/lib/active_record/log_subscriber.rb:98
Processing by StaticPagesController#root as HTML
  Rendering static_pages/root.html.erb within layouts/application
  Rendered static_pages/root.html.erb within layouts/application (1.5ms)
Completed 200 OK in 834ms (Views: 827.5ms | ActiveRecord: 0.0ms)


Started POST "/api/session" for ::1 at 2020-04-27 13:59:20 -0700

ActionController::RoutingError - uninitialized constant Api::SessionsController:

Started POST "/api/session" for ::1 at 2020-04-27 14:00:26 -0700

ActionController::RoutingError - uninitialized constant Api::SessionsController:

Started POST "/api/session" for ::1 at 2020-04-27 14:02:54 -0700

ActionController::RoutingError - uninitialized constant Api::SessionsController:

Started GET "/api/users/7" for ::1 at 2020-04-27 14:03:41 -0700
Processing by Api::UsersController#show as JSON
  Parameters: {"id"=>"7"}
  [1m[36mUser Load (0.9ms)[0m  [1m[34mSELECT  "users".* FROM "users" WHERE "users"."id" = $1 LIMIT $2[0m  [["id", 7], ["LIMIT", 1]]
  ↳ app/controllers/api/users_controller.rb:7
  Rendering api/users/show.json.jbuilder
  Rendered api/users/_user.json.jbuilder (0.4ms)
  Rendered api/users/show.json.jbuilder (2.4ms)
Completed 200 OK in 42ms (Views: 12.9ms | ActiveRecord: 10.2ms)


Started GET "/" for ::1 at 2020-04-27 14:04:03 -0700
Processing by StaticPagesController#root as HTML
  Rendering static_pages/root.html.erb within layouts/application
  Rendered static_pages/root.html.erb within layouts/application (0.3ms)
Completed 200 OK in 30ms (Views: 26.5ms | ActiveRecord: 0.0ms)


Started POST "/api/session" for ::1 at 2020-04-27 14:04:30 -0700

ActionController::RoutingError - uninitialized constant Api::SessionsController:

Started GET "/" for ::1 at 2020-04-27 14:06:57 -0700
Processing by StaticPagesController#root as HTML
  Rendering static_pages/root.html.erb within layouts/application
  Rendered static_pages/root.html.erb within layouts/application (0.3ms)
Completed 200 OK in 31ms (Views: 28.3ms | ActiveRecord: 0.0ms)


Started POST "/api/session" for ::1 at 2020-04-27 14:07:01 -0700

ActionController::RoutingError - uninitialized constant Api::SessionsController:

Started GET "/" for ::1 at 2020-04-27 14:10:56 -0700
Processing by StaticPagesController#root as HTML
  Rendering static_pages/root.html.erb within layouts/application
  Rendered static_pages/root.html.erb within layouts/application (0.3ms)
Completed 200 OK in 222ms (Views: 219.9ms | ActiveRecord: 0.0ms)


Started POST "/api/session" for ::1 at 2020-04-27 14:11:03 -0700
Processing by Api::SessionsController#create as JSON
  Parameters: {"user"=>{"name"=>"New User", "email"=>"newuser@earmark.com", "password"=>"[FILTERED]"}}
  [1m[36mUser Load (0.4ms)[0m  [1m[34mSELECT  "users".* FROM "users" WHERE "users"."email" = $1 LIMIT $2[0m  [["email", "newuser@earmark.com"], ["LIMIT", 1]]
  ↳ app/models/user.rb:11
Started GET "/" for ::1 at 2020-04-27 14:18:40 -0700
  [1m[35m (0.8ms)[0m  [1m[34mSELECT "schema_migrations"."version" FROM "schema_migrations" ORDER BY "schema_migrations"."version" ASC[0m
  ↳ /Users/darrenyong/.rbenv/versions/2.5.1/lib/ruby/gems/2.5.0/gems/activerecord-5.2.4.2/lib/active_record/log_subscriber.rb:98
Processing by StaticPagesController#root as HTML
  Rendering static_pages/root.html.erb within layouts/application
  Rendered static_pages/root.html.erb within layouts/application (0.9ms)
Completed 200 OK in 1012ms (Views: 1005.9ms | ActiveRecord: 0.0ms)


Started POST "/api/session" for ::1 at 2020-04-27 14:18:45 -0700
Processing by Api::SessionsController#create as JSON
  Parameters: {"user"=>{"username"=>"darrick", "password"=>"[FILTERED]"}}
  [1m[36mUser Load (1.3ms)[0m  [1m[34mSELECT  "users".* FROM "users" WHERE "users"."email" IS NULL LIMIT $1[0m  [["LIMIT", 1]]
  ↳ app/models/user.rb:11
Completed 401 Unauthorized in 8253ms (Views: 0.2ms | ActiveRecord: 4.1ms)


Started POST "/api/session" for ::1 at 2020-04-27 14:19:14 -0700
Processing by Api::SessionsController#create as JSON
  Parameters: {"user"=>{"username"=>"darrick", "password"=>"[FILTERED]"}}
  [1m[36mUser Load (0.2ms)[0m  [1m[34mSELECT  "users".* FROM "users" WHERE "users"."email" IS NULL LIMIT $1[0m  [["LIMIT", 1]]
  ↳ app/models/user.rb:11
Completed 401 Unauthorized in 13250ms (Views: 0.2ms | ActiveRecord: 1.9ms)


Started GET "/" for ::1 at 2020-04-27 14:19:30 -0700
Processing by StaticPagesController#root as HTML
  Rendering static_pages/root.html.erb within layouts/application
  Rendered static_pages/root.html.erb within layouts/application (0.4ms)
Completed 200 OK in 30ms (Views: 26.6ms | ActiveRecord: 0.0ms)


Started GET "/" for ::1 at 2020-04-27 14:19:31 -0700
Processing by StaticPagesController#root as HTML
  Rendering static_pages/root.html.erb within layouts/application
  Rendered static_pages/root.html.erb within layouts/application (0.3ms)
Completed 200 OK in 27ms (Views: 24.3ms | ActiveRecord: 0.0ms)


Started POST "/api/session" for ::1 at 2020-04-27 14:19:34 -0700
Processing by Api::SessionsController#create as JSON
  Parameters: {"user"=>{"username"=>"darrick", "password"=>"[FILTERED]"}}
  [1m[36mUser Load (0.3ms)[0m  [1m[34mSELECT  "users".* FROM "users" WHERE "users"."email" IS NULL LIMIT $1[0m  [["LIMIT", 1]]
  ↳ app/models/user.rb:11
Completed 401 Unauthorized in 12480ms (Views: 0.2ms | ActiveRecord: 0.3ms)


Started POST "/api/session" for ::1 at 2020-04-27 14:20:02 -0700
Processing by Api::SessionsController#create as JSON
  Parameters: {"user"=>{"name"=>"New User", "email"=>"newuser@earmark.com", "password"=>"[FILTERED]"}}
  [1m[36mUser Load (0.7ms)[0m  [1m[34mSELECT  "users".* FROM "users" WHERE "users"."email" = $1 LIMIT $2[0m  [["email", "newuser@earmark.com"], ["LIMIT", 1]]
  ↳ app/models/user.rb:11
  [1m[35m (0.2ms)[0m  [1m[35mBEGIN[0m
  ↳ app/models/user.rb:35
  [1m[36mUser Exists (0.5ms)[0m  [1m[34mSELECT  1 AS one FROM "users" WHERE "users"."email" = $1 AND "users"."id" != $2 LIMIT $3[0m  [["email", "newuser@earmark.com"], ["id", 7], ["LIMIT", 1]]
  ↳ app/models/user.rb:35
  [1m[36mUser Exists (0.3ms)[0m  [1m[34mSELECT  1 AS one FROM "users" WHERE "users"."session_token" = $1 AND "users"."id" != $2 LIMIT $3[0m  [["session_token", "J-T2RbfwAgPWsUDZnSXjAQ"], ["id", 7], ["LIMIT", 1]]
  ↳ app/models/user.rb:35
  [1m[36mUser Update (0.6ms)[0m  [1m[33mUPDATE "users" SET "session_token" = $1, "updated_at" = $2 WHERE "users"."id" = $3[0m  [["session_token", "J-T2RbfwAgPWsUDZnSXjAQ"], ["updated_at", "2020-04-27 21:20:09.270035"], ["id", 7]]
  ↳ app/models/user.rb:35
  [1m[35m (0.7ms)[0m  [1m[35mCOMMIT[0m
  ↳ app/models/user.rb:35
  Rendering api/users/show.json.jbuilder
  Rendered api/users/_user.json.jbuilder (0.3ms)
  Rendered api/users/show.json.jbuilder (1.7ms)
Completed 200 OK in 6304ms (Views: 14.1ms | ActiveRecord: 8.3ms)


Started DELETE "/api/session" for ::1 at 2020-04-27 14:20:23 -0700
Processing by Api::SessionsController#destroy as JSON
  [1m[36mUser Load (0.3ms)[0m  [1m[34mSELECT  "users".* FROM "users" WHERE "users"."session_token" = $1 LIMIT $2[0m  [["session_token", "J-T2RbfwAgPWsUDZnSXjAQ"], ["LIMIT", 1]]
  ↳ app/controllers/application_controller.rb:6
  [1m[35m (0.2ms)[0m  [1m[35mBEGIN[0m
  ↳ app/models/user.rb:35
  [1m[36mUser Exists (0.4ms)[0m  [1m[34mSELECT  1 AS one FROM "users" WHERE "users"."email" = $1 AND "users"."id" != $2 LIMIT $3[0m  [["email", "newuser@earmark.com"], ["id", 7], ["LIMIT", 1]]
  ↳ app/models/user.rb:35
  [1m[36mUser Exists (0.6ms)[0m  [1m[34mSELECT  1 AS one FROM "users" WHERE "users"."session_token" = $1 AND "users"."id" != $2 LIMIT $3[0m  [["session_token", "kmYn22v-kbtLRLExpt8KaQ"], ["id", 7], ["LIMIT", 1]]
  ↳ app/models/user.rb:35
  [1m[36mUser Update (0.4ms)[0m  [1m[33mUPDATE "users" SET "session_token" = $1, "updated_at" = $2 WHERE "users"."id" = $3[0m  [["session_token", "kmYn22v-kbtLRLExpt8KaQ"], ["updated_at", "2020-04-27 21:20:27.745053"], ["id", 7]]
  ↳ app/models/user.rb:35
  [1m[35m (0.4ms)[0m  [1m[35mCOMMIT[0m
  ↳ app/models/user.rb:35
Completed 200 OK in 4498ms (Views: 0.1ms | ActiveRecord: 2.3ms)


Started DELETE "/api/session" for ::1 at 2020-04-27 14:20:35 -0700
Processing by Api::SessionsController#destroy as JSON
  [1m[36mUser Load (0.3ms)[0m  [1m[34mSELECT  "users".* FROM "users" WHERE "users"."session_token" IS NULL LIMIT $1[0m  [["LIMIT", 1]]
  ↳ app/controllers/application_controller.rb:6
Completed 404 Not Found in 12221ms (Views: 0.2ms | ActiveRecord: 0.3ms)


Started GET "/" for ::1 at 2020-04-27 14:21:24 -0700
Processing by StaticPagesController#root as HTML
  Rendering static_pages/root.html.erb within layouts/application
  Rendered static_pages/root.html.erb within layouts/application (0.4ms)
Completed 200 OK in 36ms (Views: 33.6ms | ActiveRecord: 0.0ms)


Started GET "/" for ::1 at 2020-04-27 15:43:01 -0700
Processing by StaticPagesController#root as HTML
  Rendering static_pages/root.html.erb within layouts/application
  Rendered static_pages/root.html.erb within layouts/application (0.3ms)
Completed 200 OK in 114ms (Views: 111.2ms | ActiveRecord: 0.0ms)


Started GET "/" for ::1 at 2020-04-27 15:53:30 -0700
Processing by StaticPagesController#root as HTML
  Rendering static_pages/root.html.erb within layouts/application
  Rendered static_pages/root.html.erb within layouts/application (0.3ms)
Completed 200 OK in 319ms (Views: 316.2ms | ActiveRecord: 0.0ms)


Started POST "/api/session" for ::1 at 2020-04-27 15:54:28 -0700
Processing by Api::SessionsController#create as JSON
  Parameters: {"user"=>{"name"=>"New User", "email"=>"newuser@earmark.com", "password"=>"[FILTERED]"}}
  [1m[36mUser Load (1.5ms)[0m  [1m[34mSELECT  "users".* FROM "users" WHERE "users"."email" = $1 LIMIT $2[0m  [["email", "newuser@earmark.com"], ["LIMIT", 1]]
  ↳ app/models/user.rb:11
  [1m[35m (0.3ms)[0m  [1m[35mBEGIN[0m
  ↳ app/models/user.rb:35
  [1m[36mUser Exists (0.4ms)[0m  [1m[34mSELECT  1 AS one FROM "users" WHERE "users"."email" = $1 AND "users"."id" != $2 LIMIT $3[0m  [["email", "newuser@earmark.com"], ["id", 7], ["LIMIT", 1]]
  ↳ app/models/user.rb:35
  [1m[36mUser Exists (0.3ms)[0m  [1m[34mSELECT  1 AS one FROM "users" WHERE "users"."session_token" = $1 AND "users"."id" != $2 LIMIT $3[0m  [["session_token", "DP7P4Qd8iBm4JwzPQWQsRg"], ["id", 7], ["LIMIT", 1]]
  ↳ app/models/user.rb:35
  [1m[36mUser Update (0.5ms)[0m  [1m[33mUPDATE "users" SET "session_token" = $1, "updated_at" = $2 WHERE "users"."id" = $3[0m  [["session_token", "DP7P4Qd8iBm4JwzPQWQsRg"], ["updated_at", "2020-04-27 22:54:29.112526"], ["id", 7]]
  ↳ app/models/user.rb:35
  [1m[35m (1.6ms)[0m  [1m[35mCOMMIT[0m
  ↳ app/models/user.rb:35
  Rendering api/users/show.json.jbuilder
  Rendered api/users/_user.json.jbuilder (0.2ms)
  Rendered api/users/show.json.jbuilder (1.4ms)
Completed 200 OK in 258ms (Views: 8.9ms | ActiveRecord: 14.0ms)


Started POST "/api/session" for ::1 at 2020-04-27 15:57:41 -0700
Processing by Api::SessionsController#create as JSON
  Parameters: {"user"=>{"name"=>"New User", "email"=>"newuser@earmark.com", "password"=>"[FILTERED]"}}
  [1m[36mUser Load (0.4ms)[0m  [1m[34mSELECT  "users".* FROM "users" WHERE "users"."email" = $1 LIMIT $2[0m  [["email", "newuser@earmark.com"], ["LIMIT", 1]]
  ↳ app/models/user.rb:11
  [1m[35m (0.2ms)[0m  [1m[35mBEGIN[0m
  ↳ app/models/user.rb:35
  [1m[36mUser Exists (0.5ms)[0m  [1m[34mSELECT  1 AS one FROM "users" WHERE "users"."email" = $1 AND "users"."id" != $2 LIMIT $3[0m  [["email", "newuser@earmark.com"], ["id", 7], ["LIMIT", 1]]
  ↳ app/models/user.rb:35
  [1m[36mUser Exists (0.4ms)[0m  [1m[34mSELECT  1 AS one FROM "users" WHERE "users"."session_token" = $1 AND "users"."id" != $2 LIMIT $3[0m  [["session_token", "N4CMC74MBpz1t1OEz7tsqA"], ["id", 7], ["LIMIT", 1]]
  ↳ app/models/user.rb:35
  [1m[36mUser Update (0.9ms)[0m  [1m[33mUPDATE "users" SET "session_token" = $1, "updated_at" = $2 WHERE "users"."id" = $3[0m  [["session_token", "N4CMC74MBpz1t1OEz7tsqA"], ["updated_at", "2020-04-27 22:57:41.768381"], ["id", 7]]
  ↳ app/models/user.rb:35
  [1m[35m (0.6ms)[0m  [1m[35mCOMMIT[0m
  ↳ app/models/user.rb:35
  Rendering api/users/show.json.jbuilder
  Rendered api/users/_user.json.jbuilder (0.2ms)
  Rendered api/users/show.json.jbuilder (1.3ms)
Completed 200 OK in 241ms (Views: 7.9ms | ActiveRecord: 2.9ms)


Started DELETE "/api/session" for ::1 at 2020-04-27 15:57:46 -0700
Processing by Api::SessionsController#destroy as JSON
  [1m[36mUser Load (0.3ms)[0m  [1m[34mSELECT  "users".* FROM "users" WHERE "users"."session_token" = $1 LIMIT $2[0m  [["session_token", "N4CMC74MBpz1t1OEz7tsqA"], ["LIMIT", 1]]
  ↳ app/controllers/application_controller.rb:6
  [1m[35m (0.1ms)[0m  [1m[35mBEGIN[0m
  ↳ app/models/user.rb:35
  [1m[36mUser Exists (0.3ms)[0m  [1m[34mSELECT  1 AS one FROM "users" WHERE "users"."email" = $1 AND "users"."id" != $2 LIMIT $3[0m  [["email", "newuser@earmark.com"], ["id", 7], ["LIMIT", 1]]
  ↳ app/models/user.rb:35
  [1m[36mUser Exists (0.4ms)[0m  [1m[34mSELECT  1 AS one FROM "users" WHERE "users"."session_token" = $1 AND "users"."id" != $2 LIMIT $3[0m  [["session_token", "GTgpNvmDP9gvde3KMmKbRA"], ["id", 7], ["LIMIT", 1]]
  ↳ app/models/user.rb:35
  [1m[36mUser Update (0.4ms)[0m  [1m[33mUPDATE "users" SET "session_token" = $1, "updated_at" = $2 WHERE "users"."id" = $3[0m  [["session_token", "GTgpNvmDP9gvde3KMmKbRA"], ["updated_at", "2020-04-27 22:57:46.705046"], ["id", 7]]
  ↳ app/models/user.rb:35
  [1m[35m (0.4ms)[0m  [1m[35mCOMMIT[0m
  ↳ app/models/user.rb:35
Completed 200 OK in 8ms (Views: 0.1ms | ActiveRecord: 1.9ms)


Started POST "/api/session" for ::1 at 2020-04-27 15:58:38 -0700
Processing by Api::SessionsController#create as JSON
  Parameters: {"user"=>{"name"=>"New User", "email"=>"newuser@earmark.com", "password"=>"[FILTERED]"}}
  [1m[36mUser Load (0.6ms)[0m  [1m[34mSELECT  "users".* FROM "users" WHERE "users"."email" = $1 LIMIT $2[0m  [["email", "newuser@earmark.com"], ["LIMIT", 1]]
  ↳ app/models/user.rb:11
  [1m[35m (0.2ms)[0m  [1m[35mBEGIN[0m
  ↳ app/models/user.rb:35
  [1m[36mUser Exists (0.4ms)[0m  [1m[34mSELECT  1 AS one FROM "users" WHERE "users"."email" = $1 AND "users"."id" != $2 LIMIT $3[0m  [["email", "newuser@earmark.com"], ["id", 7], ["LIMIT", 1]]
  ↳ app/models/user.rb:35
  [1m[36mUser Exists (0.3ms)[0m  [1m[34mSELECT  1 AS one FROM "users" WHERE "users"."session_token" = $1 AND "users"."id" != $2 LIMIT $3[0m  [["session_token", "n6zMpzUvCD2kcF-STe9F-w"], ["id", 7], ["LIMIT", 1]]
  ↳ app/models/user.rb:35
  [1m[36mUser Update (0.7ms)[0m  [1m[33mUPDATE "users" SET "session_token" = $1, "updated_at" = $2 WHERE "users"."id" = $3[0m  [["session_token", "n6zMpzUvCD2kcF-STe9F-w"], ["updated_at", "2020-04-27 22:58:38.469093"], ["id", 7]]
  ↳ app/models/user.rb:35
  [1m[35m (0.7ms)[0m  [1m[35mCOMMIT[0m
  ↳ app/models/user.rb:35
  Rendering api/users/show.json.jbuilder
  Rendered api/users/_user.json.jbuilder (0.3ms)
  Rendered api/users/show.json.jbuilder (1.6ms)
Completed 200 OK in 242ms (Views: 8.5ms | ActiveRecord: 2.9ms)


Started GET "/" for ::1 at 2020-04-27 15:59:04 -0700
Processing by StaticPagesController#root as HTML
  Rendering static_pages/root.html.erb within layouts/application
  Rendered static_pages/root.html.erb within layouts/application (0.4ms)
Completed 200 OK in 36ms (Views: 32.8ms | ActiveRecord: 0.0ms)


Started GET "/" for ::1 at 2020-04-27 15:59:05 -0700
Processing by StaticPagesController#root as HTML
  Rendering static_pages/root.html.erb within layouts/application
  Rendered static_pages/root.html.erb within layouts/application (0.3ms)
Completed 200 OK in 40ms (Views: 37.6ms | ActiveRecord: 0.0ms)


Started POST "/api/session" for ::1 at 2020-04-27 15:59:12 -0700
Processing by Api::SessionsController#create as JSON
  Parameters: {"user"=>{"name"=>"New User", "email"=>"newuser@earmark.com", "password"=>"[FILTERED]"}}
  [1m[36mUser Load (0.4ms)[0m  [1m[34mSELECT  "users".* FROM "users" WHERE "users"."email" = $1 LIMIT $2[0m  [["email", "newuser@earmark.com"], ["LIMIT", 1]]
  ↳ app/models/user.rb:11
  [1m[35m (0.4ms)[0m  [1m[35mBEGIN[0m
  ↳ app/models/user.rb:35
  [1m[36mUser Exists (0.4ms)[0m  [1m[34mSELECT  1 AS one FROM "users" WHERE "users"."email" = $1 AND "users"."id" != $2 LIMIT $3[0m  [["email", "newuser@earmark.com"], ["id", 7], ["LIMIT", 1]]
  ↳ app/models/user.rb:35
  [1m[36mUser Exists (0.4ms)[0m  [1m[34mSELECT  1 AS one FROM "users" WHERE "users"."session_token" = $1 AND "users"."id" != $2 LIMIT $3[0m  [["session_token", "gVTn6M85tPsLMJFrkBGpZQ"], ["id", 7], ["LIMIT", 1]]
  ↳ app/models/user.rb:35
  [1m[36mUser Update (0.4ms)[0m  [1m[33mUPDATE "users" SET "session_token" = $1, "updated_at" = $2 WHERE "users"."id" = $3[0m  [["session_token", "gVTn6M85tPsLMJFrkBGpZQ"], ["updated_at", "2020-04-27 22:59:12.313938"], ["id", 7]]
  ↳ app/models/user.rb:35
  [1m[35m (0.6ms)[0m  [1m[35mCOMMIT[0m
  ↳ app/models/user.rb:35
  Rendering api/users/show.json.jbuilder
  Rendered api/users/_user.json.jbuilder (0.2ms)
  Rendered api/users/show.json.jbuilder (1.3ms)
Completed 200 OK in 238ms (Views: 7.7ms | ActiveRecord: 2.6ms)


Started GET "/" for ::1 at 2020-04-27 16:00:17 -0700
Processing by StaticPagesController#root as HTML
  Rendering static_pages/root.html.erb within layouts/application
  Rendered static_pages/root.html.erb within layouts/application (0.3ms)
Completed 200 OK in 301ms (Views: 297.8ms | ActiveRecord: 0.0ms)


Started POST "/api/session" for ::1 at 2020-04-27 16:00:22 -0700
Processing by Api::SessionsController#create as JSON
  Parameters: {"user"=>{"name"=>"New User", "email"=>"newuser@earmark.com", "password"=>"[FILTERED]"}}
  [1m[36mUser Load (2.2ms)[0m  [1m[34mSELECT  "users".* FROM "users" WHERE "users"."email" = $1 LIMIT $2[0m  [["email", "newuser@earmark.com"], ["LIMIT", 1]]
  ↳ app/models/user.rb:11
  [1m[35m (0.4ms)[0m  [1m[35mBEGIN[0m
  ↳ app/models/user.rb:35
  [1m[36mUser Exists (0.3ms)[0m  [1m[34mSELECT  1 AS one FROM "users" WHERE "users"."email" = $1 AND "users"."id" != $2 LIMIT $3[0m  [["email", "newuser@earmark.com"], ["id", 7], ["LIMIT", 1]]
  ↳ app/models/user.rb:35
  [1m[36mUser Exists (0.3ms)[0m  [1m[34mSELECT  1 AS one FROM "users" WHERE "users"."session_token" = $1 AND "users"."id" != $2 LIMIT $3[0m  [["session_token", "J7nzZh_Kjin_ZEsLyenmdg"], ["id", 7], ["LIMIT", 1]]
  ↳ app/models/user.rb:35
  [1m[36mUser Update (0.3ms)[0m  [1m[33mUPDATE "users" SET "session_token" = $1, "updated_at" = $2 WHERE "users"."id" = $3[0m  [["session_token", "J7nzZh_Kjin_ZEsLyenmdg"], ["updated_at", "2020-04-27 23:00:23.029323"], ["id", 7]]
  ↳ app/models/user.rb:35
  [1m[35m (0.4ms)[0m  [1m[35mCOMMIT[0m
  ↳ app/models/user.rb:35
  Rendering api/users/show.json.jbuilder
  Rendered api/users/_user.json.jbuilder (0.2ms)
  Rendered api/users/show.json.jbuilder (1.1ms)
Completed 200 OK in 238ms (Views: 7.1ms | ActiveRecord: 3.8ms)


Started GET "/" for ::1 at 2020-04-27 16:06:00 -0700
Processing by StaticPagesController#root as HTML
  Rendering static_pages/root.html.erb within layouts/application
  Rendered static_pages/root.html.erb within layouts/application (0.5ms)
Completed 200 OK in 364ms (Views: 358.4ms | ActiveRecord: 0.0ms)


Started POST "/api/session" for ::1 at 2020-04-27 16:06:03 -0700
Processing by Api::SessionsController#create as JSON
  Parameters: {"user"=>{"name"=>"New User", "email"=>"newuser@earmark.com", "password"=>"[FILTERED]"}}
  [1m[36mUser Load (0.8ms)[0m  [1m[34mSELECT  "users".* FROM "users" WHERE "users"."email" = $1 LIMIT $2[0m  [["email", "newuser@earmark.com"], ["LIMIT", 1]]
  ↳ app/models/user.rb:11
  [1m[35m (0.2ms)[0m  [1m[35mBEGIN[0m
  ↳ app/models/user.rb:35
  [1m[36mUser Exists (0.4ms)[0m  [1m[34mSELECT  1 AS one FROM "users" WHERE "users"."email" = $1 AND "users"."id" != $2 LIMIT $3[0m  [["email", "newuser@earmark.com"], ["id", 7], ["LIMIT", 1]]
  ↳ app/models/user.rb:35
  [1m[36mUser Exists (0.5ms)[0m  [1m[34mSELECT  1 AS one FROM "users" WHERE "users"."session_token" = $1 AND "users"."id" != $2 LIMIT $3[0m  [["session_token", "fohe7sN47br7Lkav7bM40g"], ["id", 7], ["LIMIT", 1]]
  ↳ app/models/user.rb:35
  [1m[36mUser Update (0.6ms)[0m  [1m[33mUPDATE "users" SET "session_token" = $1, "updated_at" = $2 WHERE "users"."id" = $3[0m  [["session_token", "fohe7sN47br7Lkav7bM40g"], ["updated_at", "2020-04-27 23:06:03.540948"], ["id", 7]]
  ↳ app/models/user.rb:35
  [1m[35m (0.8ms)[0m  [1m[35mCOMMIT[0m
  ↳ app/models/user.rb:35
  Rendering api/users/show.json.jbuilder
  Rendered api/users/_user.json.jbuilder (0.4ms)
  Rendered api/users/show.json.jbuilder (2.2ms)
Completed 200 OK in 260ms (Views: 9.4ms | ActiveRecord: 3.6ms)


Started GET "/" for ::1 at 2020-04-27 16:06:10 -0700
Processing by StaticPagesController#root as HTML
  Rendering static_pages/root.html.erb within layouts/application
  Rendered static_pages/root.html.erb within layouts/application (0.6ms)
Completed 200 OK in 53ms (Views: 47.5ms | ActiveRecord: 0.0ms)


Started GET "/" for ::1 at 2020-04-27 16:06:11 -0700
Processing by StaticPagesController#root as HTML
  Rendering static_pages/root.html.erb within layouts/application
  Rendered static_pages/root.html.erb within layouts/application (0.5ms)
Completed 200 OK in 40ms (Views: 37.1ms | ActiveRecord: 0.0ms)


Started GET "/" for ::1 at 2020-04-27 16:06:11 -0700
Processing by StaticPagesController#root as HTML
  Rendering static_pages/root.html.erb within layouts/application
  Rendered static_pages/root.html.erb within layouts/application (0.3ms)
Completed 200 OK in 28ms (Views: 24.5ms | ActiveRecord: 0.0ms)


Started GET "/" for ::1 at 2020-04-27 16:06:12 -0700
Processing by StaticPagesController#root as HTML
  Rendering static_pages/root.html.erb within layouts/application
  Rendered static_pages/root.html.erb within layouts/application (0.5ms)
Completed 200 OK in 31ms (Views: 28.2ms | ActiveRecord: 0.0ms)


Started GET "/" for ::1 at 2020-04-27 16:06:12 -0700
Processing by StaticPagesController#root as HTML
  Rendering static_pages/root.html.erb within layouts/application
  Rendered static_pages/root.html.erb within layouts/application (0.5ms)
Completed 200 OK in 32ms (Views: 29.3ms | ActiveRecord: 0.0ms)


Started GET "/" for ::1 at 2020-04-27 16:06:12 -0700
Processing by StaticPagesController#root as HTML
  Rendering static_pages/root.html.erb within layouts/application
  Rendered static_pages/root.html.erb within layouts/application (0.3ms)
Completed 200 OK in 31ms (Views: 28.9ms | ActiveRecord: 0.0ms)


Started GET "/" for ::1 at 2020-04-27 16:06:13 -0700
Processing by StaticPagesController#root as HTML
  Rendering static_pages/root.html.erb within layouts/application
  Rendered static_pages/root.html.erb within layouts/application (0.4ms)
Completed 200 OK in 47ms (Views: 43.3ms | ActiveRecord: 0.0ms)


Started POST "/api/session" for ::1 at 2020-04-27 16:06:15 -0700
Processing by Api::SessionsController#create as JSON
  Parameters: {"user"=>{"name"=>"New User", "email"=>"newuser@earmark.com", "password"=>"[FILTERED]"}}
  [1m[36mUser Load (0.7ms)[0m  [1m[34mSELECT  "users".* FROM "users" WHERE "users"."email" = $1 LIMIT $2[0m  [["email", "newuser@earmark.com"], ["LIMIT", 1]]
  ↳ app/models/user.rb:11
  [1m[35m (0.2ms)[0m  [1m[35mBEGIN[0m
  ↳ app/models/user.rb:35
  [1m[36mUser Exists (0.4ms)[0m  [1m[34mSELECT  1 AS one FROM "users" WHERE "users"."email" = $1 AND "users"."id" != $2 LIMIT $3[0m  [["email", "newuser@earmark.com"], ["id", 7], ["LIMIT", 1]]
  ↳ app/models/user.rb:35
  [1m[36mUser Exists (0.3ms)[0m  [1m[34mSELECT  1 AS one FROM "users" WHERE "users"."session_token" = $1 AND "users"."id" != $2 LIMIT $3[0m  [["session_token", "xReKxlv3bgaMJRrPsczjQw"], ["id", 7], ["LIMIT", 1]]
  ↳ app/models/user.rb:35
  [1m[36mUser Update (0.3ms)[0m  [1m[33mUPDATE "users" SET "session_token" = $1, "updated_at" = $2 WHERE "users"."id" = $3[0m  [["session_token", "xReKxlv3bgaMJRrPsczjQw"], ["updated_at", "2020-04-27 23:06:16.208955"], ["id", 7]]
  ↳ app/models/user.rb:35
  [1m[35m (0.7ms)[0m  [1m[35mCOMMIT[0m
  ↳ app/models/user.rb:35
  Rendering api/users/show.json.jbuilder
  Rendered api/users/_user.json.jbuilder (0.3ms)
  Rendered api/users/show.json.jbuilder (1.6ms)
Completed 200 OK in 242ms (Views: 9.1ms | ActiveRecord: 2.6ms)


Started GET "/" for ::1 at 2020-04-27 16:06:44 -0700
Processing by StaticPagesController#root as HTML
  Rendering static_pages/root.html.erb within layouts/application
  Rendered static_pages/root.html.erb within layouts/application (0.3ms)
Completed 200 OK in 325ms (Views: 321.4ms | ActiveRecord: 0.0ms)


Started POST "/api/session" for ::1 at 2020-04-27 16:06:53 -0700
Processing by Api::SessionsController#create as JSON
  Parameters: {"user"=>{"name"=>"New User", "email"=>"newuser@earmark.com", "password"=>"[FILTERED]"}}
  [1m[36mUser Load (1.7ms)[0m  [1m[34mSELECT  "users".* FROM "users" WHERE "users"."email" = $1 LIMIT $2[0m  [["email", "newuser@earmark.com"], ["LIMIT", 1]]
  ↳ app/models/user.rb:11
  [1m[35m (0.2ms)[0m  [1m[35mBEGIN[0m
  ↳ app/models/user.rb:35
  [1m[36mUser Exists (0.4ms)[0m  [1m[34mSELECT  1 AS one FROM "users" WHERE "users"."email" = $1 AND "users"."id" != $2 LIMIT $3[0m  [["email", "newuser@earmark.com"], ["id", 7], ["LIMIT", 1]]
  ↳ app/models/user.rb:35
  [1m[36mUser Exists (0.4ms)[0m  [1m[34mSELECT  1 AS one FROM "users" WHERE "users"."session_token" = $1 AND "users"."id" != $2 LIMIT $3[0m  [["session_token", "zZ2DDxMDnSLN_xtMseZXSQ"], ["id", 7], ["LIMIT", 1]]
  ↳ app/models/user.rb:35
  [1m[36mUser Update (0.3ms)[0m  [1m[33mUPDATE "users" SET "session_token" = $1, "updated_at" = $2 WHERE "users"."id" = $3[0m  [["session_token", "zZ2DDxMDnSLN_xtMseZXSQ"], ["updated_at", "2020-04-27 23:06:54.181252"], ["id", 7]]
  ↳ app/models/user.rb:35
  [1m[35m (0.5ms)[0m  [1m[35mCOMMIT[0m
  ↳ app/models/user.rb:35
  Rendering api/users/show.json.jbuilder
  Rendered api/users/_user.json.jbuilder (0.2ms)
  Rendered api/users/show.json.jbuilder (1.3ms)
Completed 200 OK in 243ms (Views: 7.6ms | ActiveRecord: 3.5ms)


Started GET "/" for ::1 at 2020-04-27 16:12:40 -0700
Processing by StaticPagesController#root as HTML
  Rendering static_pages/root.html.erb within layouts/application
  Rendered static_pages/root.html.erb within layouts/application (0.3ms)
Completed 200 OK in 37ms (Views: 33.4ms | ActiveRecord: 0.0ms)


